Log file open, 12/23/22 10:08:17
LogWindows: Failed to load 'aqProf.dll' (GetLastError=126)
LogWindows: File 'aqProf.dll' does not exist
LogWindows: Failed to load 'VtuneApi.dll' (GetLastError=126)
LogWindows: File 'VtuneApi.dll' does not exist
LogWindows: Failed to load 'VtuneApi32e.dll' (GetLastError=126)
LogWindows: File 'VtuneApi32e.dll' does not exist
LogConsoleResponse: Display: Failed to find resolution value strings in scalability ini. Falling back to default.
LogConsoleResponse: Display: Failed to find resolution value strings in scalability ini. Falling back to default.
LogInit: Display: Running engine for game: Level
LogPlatformFile: Not using cached read wrapper
LogTaskGraph: Started task graph with 5 named threads and 47 total threads with 3 sets of task threads.
LogStats: Stats thread started at 0.211166
LogICUInternationalization: ICU TimeZone Detection - Raw Offset: +3:00, Platform Override: ''
LogInit: Display: Loading text-based GConfig....
LogPluginManager: Mounting plugin MeshPainting
LogPluginManager: Mounting plugin XGEController
LogPluginManager: Mounting plugin Paper2D
LogPluginManager: Mounting plugin AISupport
LogPluginManager: Mounting plugin LiveLink
LogPluginManager: Mounting plugin EnvironmentQueryEditor
LogPluginManager: Mounting plugin LightPropagationVolume
LogPluginManager: Mounting plugin CameraShakePreviewer
LogPluginManager: Mounting plugin OodleData
LogPluginManager: Mounting plugin OodleNetwork
LogPluginManager: Mounting plugin GameplayCameras
LogPluginManager: Mounting plugin CodeLiteSourceCodeAccess
LogPluginManager: Mounting plugin AnimationSharing
LogPluginManager: Mounting plugin CLionSourceCodeAccess
LogPluginManager: Mounting plugin NullSourceCodeAccess
LogPluginManager: Mounting plugin KDevelopSourceCodeAccess
LogPluginManager: Mounting plugin GitSourceControl
LogPluginManager: Mounting plugin PixWinPlugin
LogPluginManager: Mounting plugin PluginUtils
LogPluginManager: Mounting plugin PerforceSourceControl
LogPluginManager: Mounting plugin PlasticSourceControl
LogPluginManager: Mounting plugin PropertyAccessNode
LogPluginManager: Mounting plugin TextureFormatOodle
LogPluginManager: Mounting plugin UObjectPlugin
LogPluginManager: Mounting plugin VisualStudioSourceCodeAccess
LogPluginManager: Mounting plugin XCodeSourceCodeAccess
LogPluginManager: Mounting plugin DatasmithContent
LogPluginManager: Mounting plugin SubversionSourceControl
LogPluginManager: Mounting plugin VisualStudioCodeSourceCodeAccess
LogPluginManager: Mounting plugin LuminPlatformFeatures
LogPluginManager: Mounting plugin RiderSourceCodeAccess
LogPluginManager: Mounting plugin VariantManagerContent
LogPluginManager: Mounting plugin AutomationUtils
LogPluginManager: Mounting plugin MagicLeap
LogPluginManager: Mounting plugin AlembicImporter
LogPluginManager: Mounting plugin ChaosCloth
LogPluginManager: Mounting plugin ChaosClothEditor
LogPluginManager: Mounting plugin BackChannel
LogPluginManager: Mounting plugin ChaosNiagara
LogPluginManager: Mounting plugin ChaosEditor
LogPluginManager: Mounting plugin MagicLeapLightEstimation
LogPluginManager: Mounting plugin ChaosSolverPlugin
LogPluginManager: Mounting plugin Niagara
LogPluginManager: Mounting plugin MagicLeapPassableWorld
LogPluginManager: Mounting plugin MLSDK
LogPluginManager: Mounting plugin OnlineSubsystem
LogPluginManager: Mounting plugin MagicLeapMedia
LogPluginManager: Mounting plugin AndroidMedia
LogPluginManager: Mounting plugin AvfMedia
LogPluginManager: Mounting plugin ImgMedia
LogPluginManager: Mounting plugin TcpMessaging
LogPluginManager: Mounting plugin ActorSequence
LogPluginManager: Mounting plugin MediaCompositing
LogPluginManager: Mounting plugin UdpMessaging
LogPluginManager: Mounting plugin LevelSequenceEditor
LogPluginManager: Mounting plugin MatineeToLevelSequence
LogPluginManager: Mounting plugin OnlineSubsystemUtils
LogPluginManager: Mounting plugin MediaPlayerEditor
LogPluginManager: Mounting plugin WmfMedia
LogPluginManager: Mounting plugin OnlineSubsystemNull
LogPluginManager: Mounting plugin WebMMedia
LogPluginManager: Mounting plugin CharacterAI
LogPluginManager: Mounting plugin TemplateSequence
LogPluginManager: Mounting plugin CryptoKeys
LogPluginManager: Mounting plugin LauncherChunkInstaller
LogPluginManager: Mounting plugin AssetManagerEditor
LogPluginManager: Mounting plugin CurveEditorTools
LogPluginManager: Mounting plugin DataValidation
LogPluginManager: Mounting plugin FacialAnimation
LogPluginManager: Mounting plugin GameplayTagsEditor
LogPluginManager: Mounting plugin GeometryMode
LogPluginManager: Mounting plugin MacGraphicsSwitching
LogPluginManager: Mounting plugin MaterialAnalyzer
LogPluginManager: Mounting plugin MobileLauncherProfileWizard
LogPluginManager: Mounting plugin PluginBrowser
LogPluginManager: Mounting plugin SpeedTreeImporter
LogPluginManager: Mounting plugin GeometryCache
LogPluginManager: Mounting plugin GeometryCollectionPlugin
LogPluginManager: Mounting plugin GeometryProcessing
LogPluginManager: Mounting plugin OpenImageDenoise
LogPluginManager: Mounting plugin MotoSynth
LogPluginManager: Mounting plugin PlatformCrypto
LogPluginManager: Mounting plugin PlanarCut
LogPluginManager: Mounting plugin ProxyLODPlugin
LogPluginManager: Mounting plugin PythonScriptPlugin
LogPluginManager: Mounting plugin ScreenshotTools
LogPluginManager: Mounting plugin SkeletalReduction
LogPluginManager: Mounting plugin ActorLayerUtilities
LogPluginManager: Mounting plugin Takes
LogPluginManager: Mounting plugin AndroidMoviePlayer
LogPluginManager: Mounting plugin AndroidDeviceProfileSelector
LogPluginManager: Mounting plugin AndroidPermission
LogPluginManager: Mounting plugin AppleImageUtils
LogPluginManager: Mounting plugin AppleMoviePlayer
LogPluginManager: Mounting plugin AssetTags
LogPluginManager: Mounting plugin AudioCapture
LogPluginManager: Mounting plugin ArchVisCharacter
LogPluginManager: Mounting plugin AudioSynesthesia
LogPluginManager: Mounting plugin CableComponent
LogPluginManager: Mounting plugin ChunkDownloader
LogPluginManager: Mounting plugin CustomMeshComponent
LogPluginManager: Mounting plugin EditableMesh
LogPluginManager: Mounting plugin ExampleDeviceProfileSelector
LogPluginManager: Mounting plugin GoogleCloudMessaging
LogPluginManager: Mounting plugin GooglePAD
LogPluginManager: Mounting plugin LocationServicesBPLibrary
LogPluginManager: Mounting plugin IOSDeviceProfileSelector
LogPluginManager: Mounting plugin LinuxDeviceProfileSelector
LogPluginManager: Mounting plugin MobilePatchingUtils
LogPluginManager: Mounting plugin OpenXREyeTracker
LogPluginManager: Mounting plugin OpenXR
LogPluginManager: Mounting plugin OpenXRHandTracking
LogPluginManager: Mounting plugin PostSplashScreen
LogPluginManager: Mounting plugin PhysXVehicles
LogPluginManager: Mounting plugin ProceduralMeshComponent
LogPluginManager: Mounting plugin PropertyAccessEditor
LogPluginManager: Mounting plugin RuntimePhysXCooking
LogPluginManager: Mounting plugin SignificanceManager
LogPluginManager: Mounting plugin SoundFields
LogPluginManager: Mounting plugin Synthesis
LogPluginManager: Mounting plugin WebMMoviePlayer
LogPluginManager: Mounting plugin WindowsMoviePlayer
LogPluginManager: Mounting plugin OnlineSubsystemGooglePlay
LogPluginManager: Mounting plugin OnlineSubsystemIOS
LogPluginManager: Mounting plugin ContentBrowserAssetDataSource
LogPluginManager: Mounting plugin ContentBrowserFileDataSource
LogPluginManager: Mounting plugin ContentBrowserClassDataSource
LogPluginManager: Mounting plugin OculusVR
LogPluginManager: Mounting plugin SteamVR
PixWinPlugin: PIX capture plugin failed to initialize! Check that the process is launched from PIX.
LogInit: Using libcurl 7.55.1-DEV
LogInit:  - built for x86_64-pc-win32
LogInit:  - supports SSL with OpenSSL/1.1.1
LogInit:  - supports HTTP deflate (compression) using libz 1.2.8
LogInit:  - other features:
LogInit:      CURL_VERSION_SSL
LogInit:      CURL_VERSION_LIBZ
LogInit:      CURL_VERSION_IPV6
LogInit:      CURL_VERSION_ASYNCHDNS
LogInit:      CURL_VERSION_LARGEFILE
LogInit:      CURL_VERSION_IDN
LogInit:  CurlRequestOptions (configurable via config and command line):
LogInit:  - bVerifyPeer = true  - Libcurl will verify peer certificate
LogInit:  - bUseHttpProxy = false  - Libcurl will NOT use HTTP proxy
LogInit:  - bDontReuseConnections = false  - Libcurl will reuse connections
LogInit:  - MaxHostConnections = 16  - Libcurl will limit the number of connections to a host
LogInit:  - LocalHostAddr = Default
LogInit:  - BufferSize = 65536
LogOnline: OSS: Creating online subsystem instance for: NULL
LogInit: WinSock: version 1.1 (2.2), MaxSocks=32767, MaxUdp=65467
LogOnline: OSS: TryLoadSubsystemAndSetDefault: Loaded subsystem for module [NULL]
LogOculusPluginWrapper: OculusPlugin initialized successfully
LogHMD: Failed initializing OVRPlugin 1.59.0
LogInit: Build: ++UE4+Release-4.27-CL-18319896
LogInit: Engine Version: 4.27.2-18319896+++UE4+Release-4.27
LogInit: Compatible Engine Version: 4.27.0-17155196+++UE4+Release-4.27
LogInit: Net CL: 17155196
LogInit: OS: Windows 10 (Release 2009) (), CPU: 11th Gen Intel(R) Core(TM) i7-11800H @ 2.30GHz, GPU: Intel(R) UHD Graphics
LogInit: Compiled (64-bit): Nov 30 2021 07:12:08
LogInit: Compiled with Visual C++: 19.24.28315.00
LogInit: Build Configuration: Development
LogInit: Branch Name: ++UE4+Release-4.27
LogInit: Command Line:  -EpicPortal -epicusername=RoMaRoMandiy -epicuserid=5a084dd96cc847099300761d9de465f1 -epiclocale=ru -epicsandboxid=ue
LogInit: Base Directory: C:/Program Files/Epic Games/UE_4.27/Engine/Binaries/Win64/
LogInit: Allocator: TBB
LogInit: Installed Engine Build: 1
LogDevObjectVersion: Number of dev versions registered: 29
LogDevObjectVersion:   Dev-Blueprints (B0D832E4-1F89-4F0D-ACCF-7EB736FD4AA2): 10
LogDevObjectVersion:   Dev-Build (E1C64328-A22C-4D53-A36C-8E866417BD8C): 0
LogDevObjectVersion:   Dev-Core (375EC13C-06E4-48FB-B500-84F0262A717E): 4
LogDevObjectVersion:   Dev-Editor (E4B068ED-F494-42E9-A231-DA0B2E46BB41): 40
LogDevObjectVersion:   Dev-Framework (CFFC743F-43B0-4480-9391-14DF171D2073): 37
LogDevObjectVersion:   Dev-Mobile (B02B49B5-BB20-44E9-A304-32B752E40360): 3
LogDevObjectVersion:   Dev-Networking (A4E4105C-59A1-49B5-A7C5-40C4547EDFEE): 0
LogDevObjectVersion:   Dev-Online (39C831C9-5AE6-47DC-9A44-9C173E1C8E7C): 0
LogDevObjectVersion:   Dev-Physics (78F01B33-EBEA-4F98-B9B4-84EACCB95AA2): 14
LogDevObjectVersion:   Dev-Platform (6631380F-2D4D-43E0-8009-CF276956A95A): 0
LogDevObjectVersion:   Dev-Rendering (12F88B9F-8875-4AFC-A67C-D90C383ABD29): 45
LogDevObjectVersion:   Dev-Sequencer (7B5AE74C-D270-4C10-A958-57980B212A5A): 13
LogDevObjectVersion:   Dev-VR (D7296918-1DD6-4BDD-9DE2-64A83CC13884): 3
LogDevObjectVersion:   Dev-LoadTimes (C2A15278-BFE7-4AFE-6C17-90FF531DF755): 1
LogDevObjectVersion:   Private-Geometry (6EACA3D4-40EC-4CC1-B786-8BED09428FC5): 3
LogDevObjectVersion:   Dev-AnimPhys (29E575DD-E0A3-4627-9D10-D276232CDCEA): 17
LogDevObjectVersion:   Dev-Anim (AF43A65D-7FD3-4947-9873-3E8ED9C1BB05): 15
LogDevObjectVersion:   Dev-ReflectionCapture (6B266CEC-1EC7-4B8F-A30B-E4D90942FC07): 1
LogDevObjectVersion:   Dev-Automation (0DF73D61-A23F-47EA-B727-89E90C41499A): 1
LogDevObjectVersion:   FortniteMain (601D1886-AC64-4F84-AA16-D3DE0DEAC7D6): 47
LogDevObjectVersion:   FortniteRelease (E7086368-6B23-4C58-8439-1B7016265E91): 1
LogDevObjectVersion:   Dev-Enterprise (9DFFBCD6-494F-0158-E221-12823C92A888): 10
LogDevObjectVersion:   Dev-Niagara (F2AED0AC-9AFE-416F-8664-AA7FFA26D6FC): 1
LogDevObjectVersion:   Dev-Destruction (174F1F0B-B4C6-45A5-B13F-2EE8D0FB917D): 10
LogDevObjectVersion:   Dev-Physics-Ext (35F94A83-E258-406C-A318-09F59610247C): 41
LogDevObjectVersion:   Dev-PhysicsMaterial-Chaos (B68FC16E-8B1B-42E2-B453-215C058844FE): 1
LogDevObjectVersion:   Dev-CineCamera (B2E18506-4273-CFC2-A54E-F4BB758BBA07): 1
LogDevObjectVersion:   Dev-VirtualProduction (64F58936-FD1B-42BA-BA96-7289D5D0FA4E): 1
LogDevObjectVersion:   Dev-MediaFramework (6F0ED827-A609-4895-9C91-998D90180EA4): 2
LogInit: Presizing for max 25165824 objects, including 0 objects not considered by GC, pre-allocating 0 bytes for permanent pool.
LogConfig: Applying CVar settings from Section [/Script/Engine.StreamingSettings] File [C:/Users/roma_/Documents/Unreal Engine/Level/Saved/Config/Windows/Engine.ini]
LogConfig: Setting CVar [[s.MinBulkDataSizeForAsyncLoading:131072]]
LogConfig: Setting CVar [[s.AsyncLoadingThreadEnabled:0]]
LogConfig: Setting CVar [[s.EventDrivenLoaderEnabled:1]]
LogConfig: Setting CVar [[s.WarnIfTimeLimitExceeded:0]]
LogConfig: Setting CVar [[s.TimeLimitExceededMultiplier:1.5]]
LogConfig: Setting CVar [[s.TimeLimitExceededMinTime:0.005]]
LogConfig: Setting CVar [[s.UseBackgroundLevelStreaming:1]]
LogConfig: Setting CVar [[s.PriorityAsyncLoadingExtraTime:15.0]]
LogConfig: Setting CVar [[s.LevelStreamingActorsUpdateTimeLimit:5.0]]
LogConfig: Setting CVar [[s.PriorityLevelStreamingActorsUpdateExtraTime:5.0]]
LogConfig: Setting CVar [[s.LevelStreamingComponentsRegistrationGranularity:10]]
LogConfig: Setting CVar [[s.UnregisterComponentsTimeLimit:1.0]]
LogConfig: Setting CVar [[s.LevelStreamingComponentsUnregistrationGranularity:5]]
LogConfig: Setting CVar [[s.FlushStreamingOnExit:1]]
LogInit: Object subsystem initialized
LogConfig: Setting CVar [[con.DebugEarlyDefault:1]]
LogConfig: Setting CVar [[r.setres:1280x720]]
[2022.12.23-07.08.18:292][  0]LogConfig: Setting CVar [[r.VSync:0]]
[2022.12.23-07.08.18:292][  0]LogConfig: Setting CVar [[r.RHICmdBypass:0]]
[2022.12.23-07.08.18:292][  0]LogConfig: Applying CVar settings from Section [/Script/Engine.RendererSettings] File [C:/Users/roma_/Documents/Unreal Engine/Level/Saved/Config/Windows/Engine.ini]
[2022.12.23-07.08.18:292][  0]LogConfig: Setting CVar [[r.GPUCrashDebugging:0]]
[2022.12.23-07.08.18:292][  0]LogConfig: Applying CVar settings from Section [/Script/Engine.RendererOverrideSettings] File [C:/Users/roma_/Documents/Unreal Engine/Level/Saved/Config/Windows/Engine.ini]
[2022.12.23-07.08.18:292][  0]LogConfig: Applying CVar settings from Section [/Script/Engine.StreamingSettings] File [C:/Users/roma_/Documents/Unreal Engine/Level/Saved/Config/Windows/Engine.ini]
[2022.12.23-07.08.18:292][  0]LogConfig: Setting CVar [[s.MinBulkDataSizeForAsyncLoading:131072]]
[2022.12.23-07.08.18:292][  0]LogConfig: Setting CVar [[s.AsyncLoadingThreadEnabled:0]]
[2022.12.23-07.08.18:292][  0]LogConfig: Setting CVar [[s.EventDrivenLoaderEnabled:1]]
[2022.12.23-07.08.18:292][  0]LogConfig: Setting CVar [[s.WarnIfTimeLimitExceeded:0]]
[2022.12.23-07.08.18:292][  0]LogConfig: Setting CVar [[s.TimeLimitExceededMultiplier:1.5]]
[2022.12.23-07.08.18:292][  0]LogConfig: Setting CVar [[s.TimeLimitExceededMinTime:0.005]]
[2022.12.23-07.08.18:292][  0]LogConfig: Setting CVar [[s.UseBackgroundLevelStreaming:1]]
[2022.12.23-07.08.18:292][  0]LogConfig: Setting CVar [[s.PriorityAsyncLoadingExtraTime:15.0]]
[2022.12.23-07.08.18:292][  0]LogConfig: Setting CVar [[s.LevelStreamingActorsUpdateTimeLimit:5.0]]
[2022.12.23-07.08.18:292][  0]LogConfig: Setting CVar [[s.PriorityLevelStreamingActorsUpdateExtraTime:5.0]]
[2022.12.23-07.08.18:292][  0]LogConfig: Setting CVar [[s.LevelStreamingComponentsRegistrationGranularity:10]]
[2022.12.23-07.08.18:292][  0]LogConfig: Setting CVar [[s.UnregisterComponentsTimeLimit:1.0]]
[2022.12.23-07.08.18:292][  0]LogConfig: Setting CVar [[s.LevelStreamingComponentsUnregistrationGranularity:5]]
[2022.12.23-07.08.18:292][  0]LogConfig: Setting CVar [[s.FlushStreamingOnExit:1]]
[2022.12.23-07.08.18:292][  0]LogConfig: Applying CVar settings from Section [/Script/Engine.GarbageCollectionSettings] File [C:/Users/roma_/Documents/Unreal Engine/Level/Saved/Config/Windows/Engine.ini]
[2022.12.23-07.08.18:292][  0]LogConfig: Setting CVar [[gc.MaxObjectsNotConsideredByGC:1]]
[2022.12.23-07.08.18:292][  0]LogConfig: Setting CVar [[gc.SizeOfPermanentObjectPool:0]]
[2022.12.23-07.08.18:292][  0]LogConfig: Setting CVar [[gc.FlushStreamingOnGC:0]]
[2022.12.23-07.08.18:292][  0]LogConfig: Setting CVar [[gc.NumRetriesBeforeForcingGC:10]]
[2022.12.23-07.08.18:292][  0]LogConfig: Setting CVar [[gc.AllowParallelGC:1]]
[2022.12.23-07.08.18:292][  0]LogConfig: Setting CVar [[gc.TimeBetweenPurgingPendingKillObjects:61.1]]
[2022.12.23-07.08.18:292][  0]LogConfig: Setting CVar [[gc.MaxObjectsInEditor:25165824]]
[2022.12.23-07.08.18:292][  0]LogConfig: Setting CVar [[gc.IncrementalBeginDestroyEnabled:1]]
[2022.12.23-07.08.18:292][  0]LogConfig: Setting CVar [[gc.CreateGCClusters:1]]
[2022.12.23-07.08.18:292][  0]LogConfig: Setting CVar [[gc.MinGCClusterSize:5]]
[2022.12.23-07.08.18:292][  0]LogConfig: Setting CVar [[gc.ActorClusteringEnabled:0]]
[2022.12.23-07.08.18:292][  0]LogConfig: Setting CVar [[gc.BlueprintClusteringEnabled:0]]
[2022.12.23-07.08.18:292][  0]LogConfig: Setting CVar [[gc.UseDisregardForGCOnDedicatedServers:0]]
[2022.12.23-07.08.18:292][  0]LogConfig: Setting CVar [[gc.MultithreadedDestructionEnabled:1]]
[2022.12.23-07.08.18:292][  0]LogConfig: Applying CVar settings from Section [/Script/Engine.NetworkSettings] File [C:/Users/roma_/Documents/Unreal Engine/Level/Saved/Config/Windows/Engine.ini]
[2022.12.23-07.08.18:292][  0]LogConfig: Applying CVar settings from Section [/Script/UnrealEd.CookerSettings] File [C:/Users/roma_/Documents/Unreal Engine/Level/Saved/Config/Windows/Engine.ini]
[2022.12.23-07.08.18:304][  0]LogConfig: Applying CVar settings from Section [ViewDistanceQuality@3] File [C:/Users/roma_/Documents/Unreal Engine/Level/Saved/Config/Windows/Scalability.ini]
[2022.12.23-07.08.18:304][  0]LogConfig: Setting CVar [[r.SkeletalMeshLODBias:0]]
[2022.12.23-07.08.18:304][  0]LogConfig: Setting CVar [[r.ViewDistanceScale:1.0]]
[2022.12.23-07.08.18:304][  0]LogConfig: Applying CVar settings from Section [AntiAliasingQuality@3] File [C:/Users/roma_/Documents/Unreal Engine/Level/Saved/Config/Windows/Scalability.ini]
[2022.12.23-07.08.18:304][  0]LogConfig: Setting CVar [[r.PostProcessAAQuality:4]]
[2022.12.23-07.08.18:304][  0]LogConfig: Applying CVar settings from Section [ShadowQuality@3] File [C:/Users/roma_/Documents/Unreal Engine/Level/Saved/Config/Windows/Scalability.ini]
[2022.12.23-07.08.18:304][  0]LogConfig: Setting CVar [[r.LightFunctionQuality:1]]
[2022.12.23-07.08.18:304][  0]LogConfig: Setting CVar [[r.ShadowQuality:5]]
[2022.12.23-07.08.18:304][  0]LogConfig: Setting CVar [[r.Shadow.CSM.MaxCascades:10]]
[2022.12.23-07.08.18:304][  0]LogConfig: Setting CVar [[r.Shadow.MaxResolution:2048]]
[2022.12.23-07.08.18:304][  0]LogConfig: Setting CVar [[r.Shadow.MaxCSMResolution:2048]]
[2022.12.23-07.08.18:304][  0]LogConfig: Setting CVar [[r.Shadow.RadiusThreshold:0.01]]
[2022.12.23-07.08.18:304][  0]LogConfig: Setting CVar [[r.Shadow.DistanceScale:1.0]]
[2022.12.23-07.08.18:304][  0]LogConfig: Setting CVar [[r.Shadow.CSM.TransitionScale:1.0]]
[2022.12.23-07.08.18:304][  0]LogConfig: Setting CVar [[r.Shadow.PreShadowResolutionFactor:1.0]]
[2022.12.23-07.08.18:304][  0]LogConfig: Setting CVar [[r.DistanceFieldShadowing:1]]
[2022.12.23-07.08.18:304][  0]LogConfig: Setting CVar [[r.DistanceFieldAO:1]]
[2022.12.23-07.08.18:304][  0]LogConfig: Setting CVar [[r.AOQuality:2]]
[2022.12.23-07.08.18:304][  0]LogConfig: Setting CVar [[r.VolumetricFog:1]]
[2022.12.23-07.08.18:304][  0]LogConfig: Setting CVar [[r.VolumetricFog.GridPixelSize:8]]
[2022.12.23-07.08.18:305][  0]LogConfig: Setting CVar [[r.VolumetricFog.GridSizeZ:128]]
[2022.12.23-07.08.18:305][  0]LogConfig: Setting CVar [[r.VolumetricFog.HistoryMissSupersampleCount:4]]
[2022.12.23-07.08.18:305][  0]LogConfig: Setting CVar [[r.LightMaxDrawDistanceScale:1]]
[2022.12.23-07.08.18:305][  0]LogConfig: Setting CVar [[r.CapsuleShadows:1]]
[2022.12.23-07.08.18:305][  0]LogConfig: Applying CVar settings from Section [PostProcessQuality@3] File [C:/Users/roma_/Documents/Unreal Engine/Level/Saved/Config/Windows/Scalability.ini]
[2022.12.23-07.08.18:305][  0]LogConfig: Setting CVar [[r.MotionBlurQuality:4]]
[2022.12.23-07.08.18:305][  0]LogConfig: Setting CVar [[r.AmbientOcclusionMipLevelFactor:0.4]]
[2022.12.23-07.08.18:305][  0]LogConfig: Setting CVar [[r.AmbientOcclusionMaxQuality:100]]
[2022.12.23-07.08.18:305][  0]LogConfig: Setting CVar [[r.AmbientOcclusionLevels:-1]]
[2022.12.23-07.08.18:305][  0]LogConfig: Setting CVar [[r.AmbientOcclusionRadiusScale:1.0]]
[2022.12.23-07.08.18:305][  0]LogConfig: Setting CVar [[r.DepthOfFieldQuality:2]]
[2022.12.23-07.08.18:305][  0]LogConfig: Setting CVar [[r.RenderTargetPoolMin:400]]
[2022.12.23-07.08.18:305][  0]LogConfig: Setting CVar [[r.LensFlareQuality:2]]
[2022.12.23-07.08.18:305][  0]LogConfig: Setting CVar [[r.SceneColorFringeQuality:1]]
[2022.12.23-07.08.18:305][  0]LogConfig: Setting CVar [[r.EyeAdaptationQuality:2]]
[2022.12.23-07.08.18:305][  0]LogConfig: Setting CVar [[r.BloomQuality:5]]
[2022.12.23-07.08.18:305][  0]LogConfig: Setting CVar [[r.FastBlurThreshold:100]]
[2022.12.23-07.08.18:305][  0]LogConfig: Setting CVar [[r.Upscale.Quality:3]]
[2022.12.23-07.08.18:305][  0]LogConfig: Setting CVar [[r.Tonemapper.GrainQuantization:1]]
[2022.12.23-07.08.18:305][  0]LogConfig: Setting CVar [[r.LightShaftQuality:1]]
[2022.12.23-07.08.18:305][  0]LogConfig: Setting CVar [[r.Filter.SizeScale:1]]
[2022.12.23-07.08.18:305][  0]LogConfig: Setting CVar [[r.Tonemapper.Quality:5]]
[2022.12.23-07.08.18:305][  0]LogConfig: Setting CVar [[r.DOF.Gather.AccumulatorQuality:1        ; higher gathering accumulator quality]]
[2022.12.23-07.08.18:305][  0]LogConfig: Setting CVar [[r.DOF.Gather.PostfilterMethod:1          ; Median3x3 postfilering method]]
[2022.12.23-07.08.18:305][  0]LogConfig: Setting CVar [[r.DOF.Gather.EnableBokehSettings:0       ; no bokeh simulation when gathering]]
[2022.12.23-07.08.18:305][  0]LogConfig: Setting CVar [[r.DOF.Gather.RingCount:4                 ; medium number of samples when gathering]]
[2022.12.23-07.08.18:305][  0]LogConfig: Setting CVar [[r.DOF.Scatter.ForegroundCompositing:1    ; additive foreground scattering]]
[2022.12.23-07.08.18:305][  0]LogConfig: Setting CVar [[r.DOF.Scatter.BackgroundCompositing:2    ; additive background scattering]]
[2022.12.23-07.08.18:305][  0]LogConfig: Setting CVar [[r.DOF.Scatter.EnableBokehSettings:1      ; bokeh simulation when scattering]]
[2022.12.23-07.08.18:305][  0]LogConfig: Setting CVar [[r.DOF.Scatter.MaxSpriteRatio:0.1         ; only a maximum of 10% of scattered bokeh]]
[2022.12.23-07.08.18:305][  0]LogConfig: Setting CVar [[r.DOF.Recombine.Quality:1                ; cheap slight out of focus]]
[2022.12.23-07.08.18:305][  0]LogConfig: Setting CVar [[r.DOF.Recombine.EnableBokehSettings:0    ; no bokeh simulation on slight out of focus]]
[2022.12.23-07.08.18:305][  0]LogConfig: Setting CVar [[r.DOF.TemporalAAQuality:1                ; more stable temporal accumulation]]
[2022.12.23-07.08.18:305][  0]LogConfig: Setting CVar [[r.DOF.Kernel.MaxForegroundRadius:0.025]]
[2022.12.23-07.08.18:305][  0]LogConfig: Setting CVar [[r.DOF.Kernel.MaxBackgroundRadius:0.025]]
[2022.12.23-07.08.18:305][  0]LogConfig: Applying CVar settings from Section [TextureQuality@3] File [C:/Users/roma_/Documents/Unreal Engine/Level/Saved/Config/Windows/Scalability.ini]
[2022.12.23-07.08.18:305][  0]LogConfig: Setting CVar [[r.Streaming.MipBias:0]]
[2022.12.23-07.08.18:305][  0]LogConfig: Setting CVar [[r.Streaming.AmortizeCPUToGPUCopy:0]]
[2022.12.23-07.08.18:305][  0]LogConfig: Setting CVar [[r.Streaming.MaxNumTexturesToStreamPerFrame:0]]
[2022.12.23-07.08.18:305][  0]LogConfig: Setting CVar [[r.Streaming.Boost:1]]
[2022.12.23-07.08.18:305][  0]LogConfig: Setting CVar [[r.MaxAnisotropy:8]]
[2022.12.23-07.08.18:305][  0]LogConfig: Setting CVar [[r.VT.MaxAnisotropy:8]]
[2022.12.23-07.08.18:305][  0]LogConfig: Setting CVar [[r.Streaming.LimitPoolSizeToVRAM:0]]
[2022.12.23-07.08.18:305][  0]LogConfig: Setting CVar [[r.Streaming.PoolSize:1000]]
[2022.12.23-07.08.18:305][  0]LogConfig: Setting CVar [[r.Streaming.MaxEffectiveScreenSize:0]]
[2022.12.23-07.08.18:305][  0]LogConfig: Applying CVar settings from Section [EffectsQuality@3] File [C:/Users/roma_/Documents/Unreal Engine/Level/Saved/Config/Windows/Scalability.ini]
[2022.12.23-07.08.18:305][  0]LogConfig: Setting CVar [[r.TranslucencyLightingVolumeDim:64]]
[2022.12.23-07.08.18:305][  0]LogConfig: Setting CVar [[r.RefractionQuality:2]]
[2022.12.23-07.08.18:305][  0]LogConfig: Setting CVar [[r.SSR.Quality:3]]
[2022.12.23-07.08.18:305][  0]LogConfig: Setting CVar [[r.SSR.HalfResSceneColor:0]]
[2022.12.23-07.08.18:305][  0]LogConfig: Setting CVar [[r.SceneColorFormat:4]]
[2022.12.23-07.08.18:305][  0]LogConfig: Setting CVar [[r.DetailMode:2]]
[2022.12.23-07.08.18:305][  0]LogConfig: Setting CVar [[r.TranslucencyVolumeBlur:1]]
[2022.12.23-07.08.18:305][  0]LogConfig: Setting CVar [[r.MaterialQualityLevel:1 ; High quality]]
[2022.12.23-07.08.18:305][  0]LogConfig: Setting CVar [[r.AnisotropicMaterials:1]]
[2022.12.23-07.08.18:305][  0]LogConfig: Setting CVar [[r.SSS.Scale:1]]
[2022.12.23-07.08.18:305][  0]LogConfig: Setting CVar [[r.SSS.SampleSet:2]]
[2022.12.23-07.08.18:305][  0]LogConfig: Setting CVar [[r.SSS.Quality:1]]
[2022.12.23-07.08.18:305][  0]LogConfig: Setting CVar [[r.SSS.HalfRes:0]]
[2022.12.23-07.08.18:305][  0]LogConfig: Setting CVar [[r.SSGI.Quality:3]]
[2022.12.23-07.08.18:305][  0]LogConfig: Setting CVar [[r.EmitterSpawnRateScale:1.0]]
[2022.12.23-07.08.18:305][  0]LogConfig: Setting CVar [[r.ParticleLightQuality:2]]
[2022.12.23-07.08.18:305][  0]LogConfig: Setting CVar [[r.SkyAtmosphere.AerialPerspectiveLUT.FastApplyOnOpaque:1 ; Always have FastSkyLUT 1 in this case to avoid wrong sky]]
[2022.12.23-07.08.18:305][  0]LogConfig: Setting CVar [[r.SkyAtmosphere.AerialPerspectiveLUT.SampleCountMaxPerSlice:4]]
[2022.12.23-07.08.18:305][  0]LogConfig: Setting CVar [[r.SkyAtmosphere.AerialPerspectiveLUT.DepthResolution:16.0]]
[2022.12.23-07.08.18:305][  0]LogConfig: Setting CVar [[r.SkyAtmosphere.FastSkyLUT:1]]
[2022.12.23-07.08.18:305][  0]LogConfig: Setting CVar [[r.SkyAtmosphere.FastSkyLUT.SampleCountMin:4.0]]
[2022.12.23-07.08.18:305][  0]LogConfig: Setting CVar [[r.SkyAtmosphere.FastSkyLUT.SampleCountMax:128.0]]
[2022.12.23-07.08.18:305][  0]LogConfig: Setting CVar [[r.SkyAtmosphere.SampleCountMin:4.0]]
[2022.12.23-07.08.18:305][  0]LogConfig: Setting CVar [[r.SkyAtmosphere.SampleCountMax:128.0]]
[2022.12.23-07.08.18:305][  0]LogConfig: Setting CVar [[r.SkyAtmosphere.TransmittanceLUT.UseSmallFormat:0]]
[2022.12.23-07.08.18:305][  0]LogConfig: Setting CVar [[r.SkyAtmosphere.TransmittanceLUT.SampleCount:10.0]]
[2022.12.23-07.08.18:305][  0]LogConfig: Setting CVar [[r.SkyAtmosphere.MultiScatteringLUT.SampleCount:15.0]]
[2022.12.23-07.08.18:305][  0]LogConfig: Setting CVar [[r.SkyLight.RealTimeReflectionCapture:1]]
[2022.12.23-07.08.18:305][  0]LogConfig: Applying CVar settings from Section [FoliageQuality@3] File [C:/Users/roma_/Documents/Unreal Engine/Level/Saved/Config/Windows/Scalability.ini]
[2022.12.23-07.08.18:305][  0]LogConfig: Setting CVar [[foliage.DensityScale:1.0]]
[2022.12.23-07.08.18:305][  0]LogConfig: Setting CVar [[grass.DensityScale:1.0]]
[2022.12.23-07.08.18:305][  0]LogConfig: Applying CVar settings from Section [ShadingQuality@3] File [C:/Users/roma_/Documents/Unreal Engine/Level/Saved/Config/Windows/Scalability.ini]
[2022.12.23-07.08.18:305][  0]LogConfig: Setting CVar [[r.HairStrands.SkyLighting.IntegrationType:2]]
[2022.12.23-07.08.18:305][  0]LogConfig: Setting CVar [[r.HairStrands.SkyAO.SampleCount:4]]
[2022.12.23-07.08.18:305][  0]LogConfig: Setting CVar [[r.HairStrands.Visibility.MSAA.SamplePerPixel:4]]
[2022.12.23-07.08.18:305][  0]LogInit: Selected Device Profile: [Windows]
[2022.12.23-07.08.18:305][  0]LogInit: Applying CVar settings loaded from the selected device profile: [Windows]
[2022.12.23-07.08.18:305][  0]LogHAL: Display: Platform has ~ 16 GB [16910159872 / 17179869184 / 16], which maps to Larger [LargestMinGB=32, LargerMinGB=12, DefaultMinGB=8, SmallerMinGB=6, SmallestMinGB=0)
[2022.12.23-07.08.18:305][  0]LogInit: Going up to parent DeviceProfile []
[2022.12.23-07.08.18:305][  0]LogConfig: Applying CVar settings from Section [ViewDistanceQuality@3] File [C:/Users/roma_/Documents/Unreal Engine/Level/Saved/Config/Windows/Scalability.ini]
[2022.12.23-07.08.18:305][  0]LogConfig: Setting CVar [[r.SkeletalMeshLODBias:0]]
[2022.12.23-07.08.18:305][  0]LogConfig: Setting CVar [[r.ViewDistanceScale:1.0]]
[2022.12.23-07.08.18:305][  0]LogConfig: Applying CVar settings from Section [AntiAliasingQuality@3] File [C:/Users/roma_/Documents/Unreal Engine/Level/Saved/Config/Windows/Scalability.ini]
[2022.12.23-07.08.18:305][  0]LogConfig: Setting CVar [[r.PostProcessAAQuality:4]]
[2022.12.23-07.08.18:305][  0]LogConfig: Applying CVar settings from Section [ShadowQuality@3] File [C:/Users/roma_/Documents/Unreal Engine/Level/Saved/Config/Windows/Scalability.ini]
[2022.12.23-07.08.18:305][  0]LogConfig: Setting CVar [[r.LightFunctionQuality:1]]
[2022.12.23-07.08.18:305][  0]LogConfig: Setting CVar [[r.ShadowQuality:5]]
[2022.12.23-07.08.18:305][  0]LogConfig: Setting CVar [[r.Shadow.CSM.MaxCascades:10]]
[2022.12.23-07.08.18:305][  0]LogConfig: Setting CVar [[r.Shadow.MaxResolution:2048]]
[2022.12.23-07.08.18:305][  0]LogConfig: Setting CVar [[r.Shadow.MaxCSMResolution:2048]]
[2022.12.23-07.08.18:305][  0]LogConfig: Setting CVar [[r.Shadow.RadiusThreshold:0.01]]
[2022.12.23-07.08.18:305][  0]LogConfig: Setting CVar [[r.Shadow.DistanceScale:1.0]]
[2022.12.23-07.08.18:305][  0]LogConfig: Setting CVar [[r.Shadow.CSM.TransitionScale:1.0]]
[2022.12.23-07.08.18:305][  0]LogConfig: Setting CVar [[r.Shadow.PreShadowResolutionFactor:1.0]]
[2022.12.23-07.08.18:305][  0]LogConfig: Setting CVar [[r.DistanceFieldShadowing:1]]
[2022.12.23-07.08.18:305][  0]LogConfig: Setting CVar [[r.DistanceFieldAO:1]]
[2022.12.23-07.08.18:305][  0]LogConfig: Setting CVar [[r.AOQuality:2]]
[2022.12.23-07.08.18:305][  0]LogConfig: Setting CVar [[r.VolumetricFog:1]]
[2022.12.23-07.08.18:305][  0]LogConfig: Setting CVar [[r.VolumetricFog.GridPixelSize:8]]
[2022.12.23-07.08.18:305][  0]LogConfig: Setting CVar [[r.VolumetricFog.GridSizeZ:128]]
[2022.12.23-07.08.18:305][  0]LogConfig: Setting CVar [[r.VolumetricFog.HistoryMissSupersampleCount:4]]
[2022.12.23-07.08.18:305][  0]LogConfig: Setting CVar [[r.LightMaxDrawDistanceScale:1]]
[2022.12.23-07.08.18:305][  0]LogConfig: Setting CVar [[r.CapsuleShadows:1]]
[2022.12.23-07.08.18:305][  0]LogConfig: Applying CVar settings from Section [PostProcessQuality@3] File [C:/Users/roma_/Documents/Unreal Engine/Level/Saved/Config/Windows/Scalability.ini]
[2022.12.23-07.08.18:305][  0]LogConfig: Setting CVar [[r.MotionBlurQuality:4]]
[2022.12.23-07.08.18:305][  0]LogConfig: Setting CVar [[r.AmbientOcclusionMipLevelFactor:0.4]]
[2022.12.23-07.08.18:305][  0]LogConfig: Setting CVar [[r.AmbientOcclusionMaxQuality:100]]
[2022.12.23-07.08.18:305][  0]LogConfig: Setting CVar [[r.AmbientOcclusionLevels:-1]]
[2022.12.23-07.08.18:305][  0]LogConfig: Setting CVar [[r.AmbientOcclusionRadiusScale:1.0]]
[2022.12.23-07.08.18:305][  0]LogConfig: Setting CVar [[r.DepthOfFieldQuality:2]]
[2022.12.23-07.08.18:305][  0]LogConfig: Setting CVar [[r.RenderTargetPoolMin:400]]
[2022.12.23-07.08.18:305][  0]LogConfig: Setting CVar [[r.LensFlareQuality:2]]
[2022.12.23-07.08.18:305][  0]LogConfig: Setting CVar [[r.SceneColorFringeQuality:1]]
[2022.12.23-07.08.18:305][  0]LogConfig: Setting CVar [[r.EyeAdaptationQuality:2]]
[2022.12.23-07.08.18:305][  0]LogConfig: Setting CVar [[r.BloomQuality:5]]
[2022.12.23-07.08.18:305][  0]LogConfig: Setting CVar [[r.FastBlurThreshold:100]]
[2022.12.23-07.08.18:305][  0]LogConfig: Setting CVar [[r.Upscale.Quality:3]]
[2022.12.23-07.08.18:305][  0]LogConfig: Setting CVar [[r.Tonemapper.GrainQuantization:1]]
[2022.12.23-07.08.18:305][  0]LogConfig: Setting CVar [[r.LightShaftQuality:1]]
[2022.12.23-07.08.18:305][  0]LogConfig: Setting CVar [[r.Filter.SizeScale:1]]
[2022.12.23-07.08.18:305][  0]LogConfig: Setting CVar [[r.Tonemapper.Quality:5]]
[2022.12.23-07.08.18:305][  0]LogConfig: Setting CVar [[r.DOF.Gather.AccumulatorQuality:1        ; higher gathering accumulator quality]]
[2022.12.23-07.08.18:305][  0]LogConfig: Setting CVar [[r.DOF.Gather.PostfilterMethod:1          ; Median3x3 postfilering method]]
[2022.12.23-07.08.18:305][  0]LogConfig: Setting CVar [[r.DOF.Gather.EnableBokehSettings:0       ; no bokeh simulation when gathering]]
[2022.12.23-07.08.18:306][  0]LogConfig: Setting CVar [[r.DOF.Gather.RingCount:4                 ; medium number of samples when gathering]]
[2022.12.23-07.08.18:306][  0]LogConfig: Setting CVar [[r.DOF.Scatter.ForegroundCompositing:1    ; additive foreground scattering]]
[2022.12.23-07.08.18:306][  0]LogConfig: Setting CVar [[r.DOF.Scatter.BackgroundCompositing:2    ; additive background scattering]]
[2022.12.23-07.08.18:306][  0]LogConfig: Setting CVar [[r.DOF.Scatter.EnableBokehSettings:1      ; bokeh simulation when scattering]]
[2022.12.23-07.08.18:306][  0]LogConfig: Setting CVar [[r.DOF.Scatter.MaxSpriteRatio:0.1         ; only a maximum of 10% of scattered bokeh]]
[2022.12.23-07.08.18:306][  0]LogConfig: Setting CVar [[r.DOF.Recombine.Quality:1                ; cheap slight out of focus]]
[2022.12.23-07.08.18:306][  0]LogConfig: Setting CVar [[r.DOF.Recombine.EnableBokehSettings:0    ; no bokeh simulation on slight out of focus]]
[2022.12.23-07.08.18:306][  0]LogConfig: Setting CVar [[r.DOF.TemporalAAQuality:1                ; more stable temporal accumulation]]
[2022.12.23-07.08.18:306][  0]LogConfig: Setting CVar [[r.DOF.Kernel.MaxForegroundRadius:0.025]]
[2022.12.23-07.08.18:306][  0]LogConfig: Setting CVar [[r.DOF.Kernel.MaxBackgroundRadius:0.025]]
[2022.12.23-07.08.18:306][  0]LogConfig: Applying CVar settings from Section [TextureQuality@3] File [C:/Users/roma_/Documents/Unreal Engine/Level/Saved/Config/Windows/Scalability.ini]
[2022.12.23-07.08.18:306][  0]LogConfig: Setting CVar [[r.Streaming.MipBias:0]]
[2022.12.23-07.08.18:306][  0]LogConfig: Setting CVar [[r.Streaming.AmortizeCPUToGPUCopy:0]]
[2022.12.23-07.08.18:306][  0]LogConfig: Setting CVar [[r.Streaming.MaxNumTexturesToStreamPerFrame:0]]
[2022.12.23-07.08.18:306][  0]LogConfig: Setting CVar [[r.Streaming.Boost:1]]
[2022.12.23-07.08.18:306][  0]LogConfig: Setting CVar [[r.MaxAnisotropy:8]]
[2022.12.23-07.08.18:306][  0]LogConfig: Setting CVar [[r.VT.MaxAnisotropy:8]]
[2022.12.23-07.08.18:306][  0]LogConfig: Setting CVar [[r.Streaming.LimitPoolSizeToVRAM:0]]
[2022.12.23-07.08.18:306][  0]LogConfig: Setting CVar [[r.Streaming.PoolSize:1000]]
[2022.12.23-07.08.18:306][  0]LogConfig: Setting CVar [[r.Streaming.MaxEffectiveScreenSize:0]]
[2022.12.23-07.08.18:306][  0]LogConfig: Applying CVar settings from Section [EffectsQuality@3] File [C:/Users/roma_/Documents/Unreal Engine/Level/Saved/Config/Windows/Scalability.ini]
[2022.12.23-07.08.18:306][  0]LogConfig: Setting CVar [[r.TranslucencyLightingVolumeDim:64]]
[2022.12.23-07.08.18:306][  0]LogConfig: Setting CVar [[r.RefractionQuality:2]]
[2022.12.23-07.08.18:306][  0]LogConfig: Setting CVar [[r.SSR.Quality:3]]
[2022.12.23-07.08.18:306][  0]LogConfig: Setting CVar [[r.SSR.HalfResSceneColor:0]]
[2022.12.23-07.08.18:306][  0]LogConfig: Setting CVar [[r.SceneColorFormat:4]]
[2022.12.23-07.08.18:306][  0]LogConfig: Setting CVar [[r.DetailMode:2]]
[2022.12.23-07.08.18:306][  0]LogConfig: Setting CVar [[r.TranslucencyVolumeBlur:1]]
[2022.12.23-07.08.18:306][  0]LogConfig: Setting CVar [[r.MaterialQualityLevel:1 ; High quality]]
[2022.12.23-07.08.18:306][  0]LogConfig: Setting CVar [[r.AnisotropicMaterials:1]]
[2022.12.23-07.08.18:306][  0]LogConfig: Setting CVar [[r.SSS.Scale:1]]
[2022.12.23-07.08.18:306][  0]LogConfig: Setting CVar [[r.SSS.SampleSet:2]]
[2022.12.23-07.08.18:306][  0]LogConfig: Setting CVar [[r.SSS.Quality:1]]
[2022.12.23-07.08.18:306][  0]LogConfig: Setting CVar [[r.SSS.HalfRes:0]]
[2022.12.23-07.08.18:306][  0]LogConfig: Setting CVar [[r.SSGI.Quality:3]]
[2022.12.23-07.08.18:306][  0]LogConfig: Setting CVar [[r.EmitterSpawnRateScale:1.0]]
[2022.12.23-07.08.18:306][  0]LogConfig: Setting CVar [[r.ParticleLightQuality:2]]
[2022.12.23-07.08.18:306][  0]LogConfig: Setting CVar [[r.SkyAtmosphere.AerialPerspectiveLUT.FastApplyOnOpaque:1 ; Always have FastSkyLUT 1 in this case to avoid wrong sky]]
[2022.12.23-07.08.18:306][  0]LogConfig: Setting CVar [[r.SkyAtmosphere.AerialPerspectiveLUT.SampleCountMaxPerSlice:4]]
[2022.12.23-07.08.18:306][  0]LogConfig: Setting CVar [[r.SkyAtmosphere.AerialPerspectiveLUT.DepthResolution:16.0]]
[2022.12.23-07.08.18:306][  0]LogConfig: Setting CVar [[r.SkyAtmosphere.FastSkyLUT:1]]
[2022.12.23-07.08.18:306][  0]LogConfig: Setting CVar [[r.SkyAtmosphere.FastSkyLUT.SampleCountMin:4.0]]
[2022.12.23-07.08.18:306][  0]LogConfig: Setting CVar [[r.SkyAtmosphere.FastSkyLUT.SampleCountMax:128.0]]
[2022.12.23-07.08.18:306][  0]LogConfig: Setting CVar [[r.SkyAtmosphere.SampleCountMin:4.0]]
[2022.12.23-07.08.18:306][  0]LogConfig: Setting CVar [[r.SkyAtmosphere.SampleCountMax:128.0]]
[2022.12.23-07.08.18:306][  0]LogConfig: Setting CVar [[r.SkyAtmosphere.TransmittanceLUT.UseSmallFormat:0]]
[2022.12.23-07.08.18:306][  0]LogConfig: Setting CVar [[r.SkyAtmosphere.TransmittanceLUT.SampleCount:10.0]]
[2022.12.23-07.08.18:306][  0]LogConfig: Setting CVar [[r.SkyAtmosphere.MultiScatteringLUT.SampleCount:15.0]]
[2022.12.23-07.08.18:306][  0]LogConfig: Setting CVar [[r.SkyLight.RealTimeReflectionCapture:1]]
[2022.12.23-07.08.18:306][  0]LogConfig: Applying CVar settings from Section [FoliageQuality@3] File [C:/Users/roma_/Documents/Unreal Engine/Level/Saved/Config/Windows/Scalability.ini]
[2022.12.23-07.08.18:306][  0]LogConfig: Setting CVar [[foliage.DensityScale:1.0]]
[2022.12.23-07.08.18:306][  0]LogConfig: Setting CVar [[grass.DensityScale:1.0]]
[2022.12.23-07.08.18:306][  0]LogConfig: Applying CVar settings from Section [ShadingQuality@3] File [C:/Users/roma_/Documents/Unreal Engine/Level/Saved/Config/Windows/Scalability.ini]
[2022.12.23-07.08.18:306][  0]LogConfig: Setting CVar [[r.HairStrands.SkyLighting.IntegrationType:2]]
[2022.12.23-07.08.18:306][  0]LogConfig: Setting CVar [[r.HairStrands.SkyAO.SampleCount:4]]
[2022.12.23-07.08.18:306][  0]LogConfig: Setting CVar [[r.HairStrands.Visibility.MSAA.SamplePerPixel:4]]
[2022.12.23-07.08.18:306][  0]LogConfig: Applying CVar settings from Section [Startup] File [../../../Engine/Config/ConsoleVariables.ini]
[2022.12.23-07.08.18:306][  0]LogConfig: Setting CVar [[net.UseAdaptiveNetUpdateFrequency:0]]
[2022.12.23-07.08.18:306][  0]LogConfig: Setting CVar [[p.chaos.AllowCreatePhysxBodies:1]]
[2022.12.23-07.08.18:306][  0]LogConfig: Setting CVar [[fx.SkipVectorVMBackendOptimizations:1]]
[2022.12.23-07.08.18:306][  0]LogConfig: Applying CVar settings from Section [ConsoleVariables] File [C:/Users/roma_/Documents/Unreal Engine/Level/Saved/Config/Windows/Engine.ini]
[2022.12.23-07.08.18:306][  0]LogConfig: Applying CVar settings from Section [ConsoleVariables] File [C:/Users/roma_/Documents/Unreal Engine/Level/Saved/Config/Windows/Editor.ini]
[2022.12.23-07.08.18:307][  0]LogInit: Computer: DELL
[2022.12.23-07.08.18:307][  0]LogInit: User: roma
[2022.12.23-07.08.18:307][  0]LogInit: CPU Page size=4096, Cores=8
[2022.12.23-07.08.18:307][  0]LogInit: High frequency timer resolution =10.000000 MHz
[2022.12.23-07.08.18:307][  0]LogMemory: Memory total: Physical=15.7GB (16GB approx)
[2022.12.23-07.08.18:307][  0]LogMemory: Platform Memory Stats for Windows
[2022.12.23-07.08.18:307][  0]LogMemory: Process Physical Memory: 150.15 MB used, 150.15 MB peak
[2022.12.23-07.08.18:307][  0]LogMemory: Process Virtual Memory: 132.66 MB used, 132.66 MB peak
[2022.12.23-07.08.18:307][  0]LogMemory: Physical Memory: 9518.75 MB used,  6608.04 MB free, 16126.79 MB total
[2022.12.23-07.08.18:307][  0]LogMemory: Virtual Memory: 134207928.00 MB used,  9802.84 MB free, 134217728.00 MB total
[2022.12.23-07.08.18:522][  0]LogWindows: WindowsPlatformFeatures enabled
[2022.12.23-07.08.18:630][  0]LogInit: Physics initialised using underlying interface: PhysX
[2022.12.23-07.08.18:630][  0]LogInit: Using OS detected language (ru-RU).
[2022.12.23-07.08.18:630][  0]LogInit: Using OS detected locale (ru-RU).
[2022.12.23-07.08.18:632][  0]LogTextLocalizationManager: No specific localization for 'ru-RU' exists, so the 'ru' localization will be used.
[2022.12.23-07.08.18:632][  0]LogTextLocalizationResource: LocRes '../../../Engine/Content/Localization/Editor/ru/Editor.locres' could not be opened for reading!
[2022.12.23-07.08.18:632][  0]LogTextLocalizationResource: LocRes '../../../Engine/Content/Localization/EditorTutorials/ru/EditorTutorials.locres' could not be opened for reading!
[2022.12.23-07.08.18:632][  0]LogTextLocalizationResource: LocRes '../../../Engine/Content/Localization/Keywords/ru/Keywords.locres' could not be opened for reading!
[2022.12.23-07.08.18:632][  0]LogTextLocalizationResource: LocRes '../../../Engine/Content/Localization/Category/ru/Category.locres' could not be opened for reading!
[2022.12.23-07.08.18:632][  0]LogTextLocalizationResource: LocRes '../../../Engine/Content/Localization/ToolTips/ru/ToolTips.locres' could not be opened for reading!
[2022.12.23-07.08.18:632][  0]LogTextLocalizationResource: LocRes '../../../Engine/Content/Localization/PropertyNames/ru/PropertyNames.locres' could not be opened for reading!
[2022.12.23-07.08.18:632][  0]LogTextLocalizationResource: LocRes '../../../Engine/Content/Localization/Engine/ru/Engine.locres' could not be opened for reading!
[2022.12.23-07.08.18:647][  0]LogInit: Setting process to per monitor DPI aware
[2022.12.23-07.08.18:666][  0]LogWindowsTextInputMethodSystem: Display: IME system deactivated.
[2022.12.23-07.08.18:688][  0]LogSlate: New Slate User Created.  User Index 0, Is Virtual User: 0
[2022.12.23-07.08.18:688][  0]LogSlate: Slate User Registered.  User Index 0, Is Virtual User: 0
[2022.12.23-07.08.20:057][  0]LogD3D11RHI: Loaded GFSDK_Aftermath_Lib.x64.dll
[2022.12.23-07.08.20:090][  0]LogHMD: Failed to initialize OpenVR with code 110
[2022.12.23-07.08.20:090][  0]LogD3D11RHI: D3D11 min allowed feature level: 11_0
[2022.12.23-07.08.20:090][  0]LogD3D11RHI: D3D11 max allowed feature level: 11_0
[2022.12.23-07.08.20:090][  0]LogD3D11RHI: D3D11 adapters:
[2022.12.23-07.08.20:168][  0]LogD3D11RHI:    0. 'NVIDIA GeForce RTX 3050 Laptop GPU' (Feature Level 11_0)
[2022.12.23-07.08.20:168][  0]LogD3D11RHI:       3991/0/8063 MB DedicatedVideo/DedicatedSystem/SharedSystem, Outputs:1, VendorId:0x10de
[2022.12.23-07.08.20:215][  0]LogD3D11RHI:    1. 'Intel(R) UHD Graphics' (Feature Level 11_0)
[2022.12.23-07.08.20:215][  0]LogD3D11RHI:       128/0/8063 MB DedicatedVideo/DedicatedSystem/SharedSystem, Outputs:0, VendorId:0x8086
[2022.12.23-07.08.20:216][  0]LogD3D11RHI:    2. 'Microsoft Basic Render Driver' (Feature Level 11_0)
[2022.12.23-07.08.20:216][  0]LogD3D11RHI:       0/0/8063 MB DedicatedVideo/DedicatedSystem/SharedSystem, Outputs:0, VendorId:0x1414
[2022.12.23-07.08.20:216][  0]LogD3D11RHI: Chosen D3D11 Adapter:
[2022.12.23-07.08.20:216][  0]LogD3D11RHI:     Description : NVIDIA GeForce RTX 3050 Laptop GPU
[2022.12.23-07.08.20:216][  0]LogD3D11RHI:     VendorId    : 10de
[2022.12.23-07.08.20:216][  0]LogD3D11RHI:     DeviceId    : 25a2
[2022.12.23-07.08.20:216][  0]LogD3D11RHI:     SubSysId    : a711028
[2022.12.23-07.08.20:216][  0]LogD3D11RHI:     Revision    : 00a1
[2022.12.23-07.08.20:216][  0]LogD3D11RHI:     DedicatedVideoMemory : 4184866816 bytes
[2022.12.23-07.08.20:216][  0]LogD3D11RHI:     DedicatedSystemMemory : 0 bytes
[2022.12.23-07.08.20:216][  0]LogD3D11RHI:     SharedSystemMemory : 8455079936 bytes
[2022.12.23-07.08.20:216][  0]LogD3D11RHI:     AdapterLuid : 0 83889
[2022.12.23-07.08.20:222][  0]LogD3D11RHI: Creating new Direct3DDevice
[2022.12.23-07.08.20:222][  0]LogD3D11RHI:     GPU DeviceId: 0x25a2 (for the marketing name, search the web for "GPU Device Id")
[2022.12.23-07.08.20:222][  0]LogWindows: EnumDisplayDevices:
[2022.12.23-07.08.20:222][  0]LogWindows:    0. 'Intel(R) UHD Graphics' (P:1 D:1)
[2022.12.23-07.08.20:222][  0]LogWindows:    1. 'Intel(R) UHD Graphics' (P:0 D:0)
[2022.12.23-07.08.20:222][  0]LogWindows:    2. 'Intel(R) UHD Graphics' (P:0 D:0)
[2022.12.23-07.08.20:223][  0]LogWindows:    3. 'Intel(R) UHD Graphics' (P:0 D:0)
[2022.12.23-07.08.20:223][  0]LogWindows:    4. 'NVIDIA GeForce RTX 3050 Laptop GPU' (P:0 D:0)
[2022.12.23-07.08.20:223][  0]LogWindows: DebugString: PrimaryIsNotTheChoosenAdapter PrimaryIsNotTheChoosenAdapter PrimaryIsNotTheChoosenAdapter PrimaryIsNotTheChoosenAdapter 
[2022.12.23-07.08.20:223][  0]LogD3D11RHI:     Adapter Name: NVIDIA GeForce RTX 3050 Laptop GPU
[2022.12.23-07.08.20:223][  0]LogD3D11RHI:   Driver Version: 512.72 (internal:30.0.15.1272, unified:512.72)
[2022.12.23-07.08.20:223][  0]LogD3D11RHI:      Driver Date: 5-2-2022
[2022.12.23-07.08.20:223][  0]LogRHI: Texture pool is 2793 MB (70% of 3991 MB)
[2022.12.23-07.08.20:223][  0]LogD3D11RHI: Creating D3DDevice using adapter:
[2022.12.23-07.08.20:223][  0]LogD3D11RHI:     Description : NVIDIA GeForce RTX 3050 Laptop GPU
[2022.12.23-07.08.20:223][  0]LogD3D11RHI:     VendorId    : 10de
[2022.12.23-07.08.20:223][  0]LogD3D11RHI:     DeviceId    : 25a2
[2022.12.23-07.08.20:223][  0]LogD3D11RHI:     SubSysId    : a711028
[2022.12.23-07.08.20:223][  0]LogD3D11RHI:     Revision    : 00a1
[2022.12.23-07.08.20:223][  0]LogD3D11RHI:     DedicatedVideoMemory : 4184866816 bytes
[2022.12.23-07.08.20:223][  0]LogD3D11RHI:     DedicatedSystemMemory : 0 bytes
[2022.12.23-07.08.20:223][  0]LogD3D11RHI:     SharedSystemMemory : 8455079936 bytes
[2022.12.23-07.08.20:223][  0]LogD3D11RHI:     AdapterLuid : 0 83889
[2022.12.23-07.08.20:269][  0]LogD3D11RHI: RHI has support for 64 bit atomics
[2022.12.23-07.08.20:270][  0]LogD3D11RHI: Async texture creation enabled
[2022.12.23-07.08.20:270][  0]LogD3D11RHI: Array index from any shader is supported
[2022.12.23-07.08.20:281][  0]LogD3D11RHI: GPU Timing Frequency: 1000.000000 (Debug: 2 1)
[2022.12.23-07.08.20:308][  0]LogRHI: GeForceNow SDK initialized: 1
[2022.12.23-07.08.20:557][  0]LogTargetPlatformManager: Display: Loaded TargetPlatform 'AllDesktop'
[2022.12.23-07.08.20:577][  0]LogTargetPlatformManager: Display: Loaded TargetPlatform 'Android'
[2022.12.23-07.08.20:577][  0]LogTargetPlatformManager: Display: Loaded TargetPlatform 'Android_ASTC'
[2022.12.23-07.08.20:577][  0]LogTargetPlatformManager: Display: Loaded TargetPlatform 'Android_DXT'
[2022.12.23-07.08.20:577][  0]LogTargetPlatformManager: Display: Loaded TargetPlatform 'Android_ETC2'
[2022.12.23-07.08.20:577][  0]LogTargetPlatformManager: Display: Loaded TargetPlatform 'AndroidClient'
[2022.12.23-07.08.20:577][  0]LogTargetPlatformManager: Display: Loaded TargetPlatform 'Android_ASTCClient'
[2022.12.23-07.08.20:577][  0]LogTargetPlatformManager: Display: Loaded TargetPlatform 'Android_DXTClient'
[2022.12.23-07.08.20:577][  0]LogTargetPlatformManager: Display: Loaded TargetPlatform 'Android_ETC2Client'
[2022.12.23-07.08.20:577][  0]LogTargetPlatformManager: Display: Loaded TargetPlatform 'Android_Multi'
[2022.12.23-07.08.20:577][  0]LogTargetPlatformManager: Display: Loaded TargetPlatform 'Android_MultiClient'
[2022.12.23-07.08.20:595][  0]LogTargetPlatformManager: Display: Loaded TargetPlatform 'IOSClient'
[2022.12.23-07.08.20:595][  0]LogTargetPlatformManager: Display: Loaded TargetPlatform 'IOS'
[2022.12.23-07.08.20:604][  0]LogTargetPlatformManager: Display: Loaded TargetPlatform 'Linux'
[2022.12.23-07.08.20:608][  0]LogTargetPlatformManager: Display: Loaded TargetPlatform 'LinuxNoEditor'
[2022.12.23-07.08.20:612][  0]LogTargetPlatformManager: Display: Loaded TargetPlatform 'LinuxClient'
[2022.12.23-07.08.20:616][  0]LogTargetPlatformManager: Display: Loaded TargetPlatform 'LinuxServer'
[2022.12.23-07.08.20:624][  0]LogTargetPlatformManager: Display: Loaded TargetPlatform 'LinuxAArch64NoEditor'
[2022.12.23-07.08.20:627][  0]LogTargetPlatformManager: Display: Loaded TargetPlatform 'LinuxAArch64Client'
[2022.12.23-07.08.20:631][  0]LogTargetPlatformManager: Display: Loaded TargetPlatform 'LinuxAArch64Server'
[2022.12.23-07.08.20:650][  0]LogTargetPlatformManager: Display: Loaded TargetPlatform 'Lumin'
[2022.12.23-07.08.20:650][  0]LogTargetPlatformManager: Display: Loaded TargetPlatform 'LuminClient'
[2022.12.23-07.08.20:656][  0]LogTargetPlatformManager: Display: Loaded TargetPlatform 'MacNoEditor'
[2022.12.23-07.08.20:659][  0]LogTargetPlatformManager: Display: Loaded TargetPlatform 'Mac'
[2022.12.23-07.08.20:663][  0]LogTargetPlatformManager: Display: Loaded TargetPlatform 'MacClient'
[2022.12.23-07.08.20:666][  0]LogTargetPlatformManager: Display: Loaded TargetPlatform 'MacServer'
[2022.12.23-07.08.20:674][  0]LogTargetPlatformManager: Display: Loaded TargetPlatform 'TVOSClient'
[2022.12.23-07.08.20:674][  0]LogTargetPlatformManager: Display: Loaded TargetPlatform 'TVOS'
[2022.12.23-07.08.20:681][  0]LogTargetPlatformManager: Display: Loaded TargetPlatform 'WindowsNoEditor'
[2022.12.23-07.08.20:685][  0]LogTargetPlatformManager: Display: Loaded TargetPlatform 'Windows'
[2022.12.23-07.08.20:688][  0]LogTargetPlatformManager: Display: Loaded TargetPlatform 'WindowsClient'
[2022.12.23-07.08.20:692][  0]LogTargetPlatformManager: Display: Loaded TargetPlatform 'WindowsServer'
[2022.12.23-07.08.20:692][  0]LogTargetPlatformManager: Display: Building Assets For Windows
[2022.12.23-07.08.20:723][  0]LogAudioDebug: Display: Lib vorbis DLL was dynamically loaded.
[2022.12.23-07.08.20:771][  0]LogTextureFormatOodle: Display: Oodle Texture 2.9.0 init RDO Off
[2022.12.23-07.08.20:826][  0]LogRendererCore: Ray tracing is disabled. Reason: r.RayTracing=0.
[2022.12.23-07.08.20:826][  0]LogShaderCompilers: Guid format shader working directory is -14 characters bigger than the processId version (../../../../../../Users/roma_/Documents/Unreal Engine/Level/Intermediate/Shaders/WorkingDirectory/14052/).
[2022.12.23-07.08.20:826][  0]LogShaderCompilers: Cleaned the shader compiler working directory 'C:/Users/roma_/AppData/Local/Temp/UnrealShaderWorkingDir/F52612E64ABDF2B18CDD0C8B731FA6A8/'.
[2022.12.23-07.08.20:827][  0]LogXGEController: Cannot use XGE Controller as Incredibuild is not installed on this machine.
[2022.12.23-07.08.20:827][  0]LogShaderCompilers: Cannot use XGE Shader Compiler as Incredibuild is not installed on this machine.
[2022.12.23-07.08.20:827][  0]LogShaderCompilers: Display: Using Local Shader Compiler.
[2022.12.23-07.08.22:677][  0]LogDerivedDataCache: Display: Max Cache Size: 512 MB
[2022.12.23-07.08.22:727][  0]LogDerivedDataCache: Loaded boot cache 0.05s 94MB C:/Users/roma_/AppData/Local/UnrealEngine/4.27/DerivedDataCache/Boot.ddc.
[2022.12.23-07.08.22:727][  0]LogDerivedDataCache: Display: Loaded Boot cache: C:/Users/roma_/AppData/Local/UnrealEngine/4.27/DerivedDataCache/Boot.ddc
[2022.12.23-07.08.22:728][  0]LogDerivedDataCache: FDerivedDataBackendGraph:  Pak pak cache file ../../../../../../Users/roma_/Documents/Unreal Engine/Level/DerivedDataCache/DDC.ddp not found, will not use a pak cache.
[2022.12.23-07.08.22:728][  0]LogDerivedDataCache: Unable to find inner node Pak for hierarchical cache Hierarchy.
[2022.12.23-07.08.22:728][  0]LogDerivedDataCache: FDerivedDataBackendGraph:  CompressedPak pak cache file ../../../../../../Users/roma_/Documents/Unreal Engine/Level/DerivedDataCache/Compressed.ddp not found, will not use a pak cache.
[2022.12.23-07.08.22:728][  0]LogDerivedDataCache: Unable to find inner node CompressedPak for hierarchical cache Hierarchy.
[2022.12.23-07.08.22:745][  0]LogDerivedDataCache: Display: Pak cache opened for reading ../../../Engine/DerivedDataCache/Compressed.ddp.
[2022.12.23-07.08.22:745][  0]LogDerivedDataCache: FDerivedDataBackendGraph:  EnterprisePak pak cache file ../../../Enterprise/DerivedDataCache/Compressed.ddp not found, will not use a pak cache.
[2022.12.23-07.08.22:745][  0]LogDerivedDataCache: Unable to find inner node EnterprisePak for hierarchical cache Hierarchy.
[2022.12.23-07.08.22:751][  0]LogDerivedDataCache: Speed tests for C:/Users/roma_/AppData/Local/UnrealEngine/Common/DerivedDataCache took 0.01 seconds
[2022.12.23-07.08.22:751][  0]LogDerivedDataCache: Display: Performance to C:/Users/roma_/AppData/Local/UnrealEngine/Common/DerivedDataCache: Latency=0.01ms. RandomReadSpeed=553.48MBs, RandomWriteSpeed=260.50MBs. Assigned SpeedClass 'Local'
[2022.12.23-07.08.22:752][  0]LogDerivedDataCache: Using Local data cache path C:/Users/roma_/AppData/Local/UnrealEngine/Common/DerivedDataCache: Writable
[2022.12.23-07.08.22:752][  0]LogDerivedDataCache: Shared data cache path not found in *engine.ini, will not use an Shared cache.
[2022.12.23-07.08.22:752][  0]LogDerivedDataCache: Unable to find inner node Shared for hierarchical cache Hierarchy.
[2022.12.23-07.08.22:785][  0]LogSlate: Using FreeType 2.10.0
[2022.12.23-07.08.22:793][  0]LogSlate: SlateFontServices - WITH_FREETYPE: 1, WITH_HARFBUZZ: 1
[2022.12.23-07.08.22:813][  0]LogAssetRegistry: FAssetRegistry took 0.0027 seconds to start up
[2022.12.23-07.08.22:984][  0]LogInit: Selected Device Profile: [Windows]
[2022.12.23-07.08.22:984][  0]LogInit: Active device profile: [00000246FBD14900][00000246EDE86C00 49] Windows
[2022.12.23-07.08.22:984][  0]LogInit: Profiles: [00000246FBD14900][00000246EDE86C00 49] Windows, [00000246FBCD7800][00000246F9EEED80 49] WindowsNoEditor, [00000246FBD17500][00000246F9EF6F00 49] WindowsServer, [00000246FBCD4E00][00000246F9F07080 49] WindowsClient, [00000246FBD17800][00000246F9F0B200 49] IOS, [00000246FBCD6800][00000246F9F0F380 49] iPadAir, [00000246FBD16000][00000246F9F13500 49] iPadAir2, [00000246FBB68A00][00000246F9F1B7C0 49] IPadPro, [00000246FBB68B00][00000246F9F17800 49] iPadAir3, [00000246FBCD5700][00000246F9F1F980 49] iPadAir4, [00000246FBB6B400][00000246F9F23B00 49] iPadMini2, [00000246FBCD6A00][00000246F9F26100 49] iPadMini3, [00000246FBB69700][00000246F9F2A280 49] iPadMini4, [00000246FBD14F00][00000246F9F2E400 49] iPadMini5, [00000246FBB7C300][00000246F9F3A6C0 49] iPhone6, [00000246FBB7C400][00000246F9F36700 49] iPodTouch6, [00000246FBB6B600][00000246F814E940 49] iPhone7, [00000246FBB69800][00000246F9EE6980 49] iPodTouch7, [00000246FBB7FF00][00000246F8152AC0 49] iPhone5S, [00000246FBCD6300][00000246FC34AC40 49] iPhone6Plus, [00000246FBB68200][00000246F8156DC0 49] iPhone6S, [00000246FBCD6200][00000246F815EF40 49] iPhone6SPlus, [00000246FBB6BC00][00000246F81630C0 49] iPhone7Plus, [00000246FBCD7D00][00000246F8055240 49] iPhoneSE, [00000246FBB6B500][00000246FC1E53C0 49] iPhone8, [00000246FBCD5E00][00000246FC1E9540 49] iPhone8Plus, [00000246FBB6A600][00000246FC1ED6C0 49] iPhoneX, [00000246FBCD6500][00000246FC1F1840 49] iPhoneXS, [00000246FBB6A000][00000246F80879C0 49] iPhoneXSMax, [00000246FBCD7A00][00000246F80B7B40 49] iPhoneXR, [00000246FBB6B700][00000246F80EA140 49] iPhone11, [00000246FBCD4D00][00000246F83262C0 49] iPhone11Pro, [00000246FBB6B800][00000246F8364440 49] iPhone11ProMax, [00000246FBCD4F00][00000246F83685C0 49] iPhoneSE2, [00000246FBB6AE00][00000246F838C740 49] iPhone12Mini, [00000246FBCD6700][00000246F83908C0 49] iPhone12, [00000246FBB69100][00000246FC346A00 49] iPhone12Pro, [00000246FBCD7600][00000246F7CF4B40 49] iPhone12ProMax, [00000246FBB6A300][00000246F7CF8C80 49] iPadPro105, [00000246FBCD4C00][00000246F7CFCDC0 49] iPadPro129, [00000246FBB6B300][00000246F7D04F40 49] iPadPro97, [00000246FBCD5F00][00000246F7D090C0 49] iPadPro2_129, [00000246FBB69400][00000246F7D0D240 49] iPad5, [00000246FBCD7400][00000246F7D113C0 49] iPad6, [00000246FBB6B100][00000246F8395540 49] iPad7, [00000246FBCD5A00][00000246EF62D6C0 49] iPad8, [00000246FBB6A800][00000246FC33F840 49] iPadPro11, [00000246FBCD5B00][00000246F83999C0 49] iPadPro2_11, [00000246FBB69B00][00000246F839DB40 49] iPadPro3_129, [00000246FBCD7900][00000246F83AC140 49] iPadPro4_129, [00000246FBB69500][00000246F83B02C0 49] AppleTV, [00000246FBCD6000][00000246FC37C440 49] AppleTV4K, [00000246FBB68100][00000246FC49A5C0 49] TVOS, [00000246FBCD6600][00000246FC4A8740 49] Mac, [00000246FBB6A700][00000246FC4AC8C0 49] MacClient, [00000246FBCD6F00][00000246FC4B0A40 49] MacNoEditor, [00000246FBB6B900][00000246F7D00B80 49] MacServer, [00000246FBCD7500][00000246FC4B4CC0 49] Linux, [00000246FBB6A200][00000246FC4B8E00 49] LinuxAArch64, [00000246FBCD4B00][00000246FC4BCF40 49] LinuxNoEditor, [00000246FBB6BB00][00000246FC4C50C0 49] LinuxAArch64NoEditor, [00000246FBCD4100][00000246FC4C9240 49] LinuxClient, [00000246FBB69D00][00000246FC4CD3C0 49] LinuxAArch64Client, [00000246FBCD5600][00000246FC4E5540 49] LinuxServer, [00000246FBB6A100][00000246FC4E96C0 49] LinuxAArch64Server, [00000246FBCD5300][00000246FC4ED840 49] Android, [00000246FBB68500][00000246EF5C59C0 49] Android_Low, [00000246FBCD6B00][00000246EF5C9B40 49] Android_Mid, [00000246FBD17A00][00000246EF5CC140 49] Android_High, [00000246FBB7DC00][00000246EF5D02C0 49] Android_Default, [00000246FBD16100][00000246FCAD4440 49] Android_Adreno4xx, [00000246FBB7E700][00000246FCAD85C0 49] Android_Adreno5xx_Low, [00000246FBD14B00][00000246FCB08740 49] Android_Adreno5xx, [00000246FBB7ED00][00000246FCB168C0 49] Android_Adreno6xx, [00000246FBD15200][00000246F836CA40 49] Android_Adreno6xx_Vulkan, [00000246FBB7E800][00000246F8370BC0 49] Android_Mali_T6xx, [00000246FBD17200][00000246F8374D40 49] Android_Mali_T7xx, [00000246FBB7EE00][00000246FC4C0E80 49] Android_Mali_T8xx, [00000246FBD16500][00000246F8378FC0 49] Android_Mali_G71, [00000246FBB7FE00][00000246F837D100 49] Android_Mali_G72, [00000246FBD16A00][00000246EF5D5280 49] Android_Mali_G72_Vulkan, [00000246FBB7DB00][00000246FCB31400 49] Android_Mali_G76, [00000246FBD15D00][00000246FCB35580 49] Android_Mali_G76_Vulkan, [00000246FBB7F000][00000246FCB39700 49] Android_Mali_G77, [00000246FBD16D00][00000246FCB3D880 49] Android_Mali_G77_Vulkan, [00000246FBB7FA00][00000246FCB41A00 49] Android_Mali_G78, [00000246FBD14D00][00000246FCB45B80 49] Android_Mali_G78_Vulkan, [00000246FBB7C500][00000246FC342180 49] Android_Mali_G710, [00000246FBD15300][00000246FC1F4300 49] Android_Mali_G710_Vulkan, [00000246FBB7F500][00000246F808A480 49] Android_Vulkan_SM5, [00000246FBD17300][00000246FCB48600 49] Android_PowerVR_G6xxx, [00000246FBB7EC00][00000246FCB4C780 49] Android_PowerVR_GT7xxx, [00000246FBD17C00][00000246FCB50900 49] Android_PowerVR_GE8xxx, [00000246FBB7D200][00000246FCB54A80 49] Android_PowerVR_GM9xxx, [00000246FBD17000][00000246FCB58C00 49] Android_PowerVR_GM9xxx_Vulkan, [00000246FBB7E900][00000246FCB5CD80 49] Android_TegraK1, [00000246FBD15100][00000246FCB60F00 49] Android_Unknown_Vulkan, [00000246FBCD4600][00000246FCB0D040 49] Lumin, [00000246FBD16900][00000246FCB65180 49] Lumin_Desktop, [00000246FBCD5200][00000246FCB692C0 49] HoloLens, 
[2022.12.23-07.08.23:123][  0]LogMeshReduction: Using QuadricMeshReduction for automatic static mesh reduction
[2022.12.23-07.08.23:123][  0]LogMeshReduction: Using SimplygonMeshReduction for automatic skeletal mesh reduction
[2022.12.23-07.08.23:123][  0]LogMeshReduction: Using ProxyLODMeshReduction for automatic mesh merging
[2022.12.23-07.08.23:123][  0]LogMeshReduction: No distributed automatic mesh merging module available
[2022.12.23-07.08.23:123][  0]LogMeshMerging: No distributed automatic mesh merging module available
[2022.12.23-07.08.23:151][  0]LogNetVersion: Level 1.0.0, NetCL: 17155196, EngineNetVer: 17, GameNetVer: 0 (Checksum: 1602142823)
[2022.12.23-07.08.23:750][  0]LogTexture: Default maximum texture size for cubemaps generated from long-lat sources has been changed from 512 to unlimited. In order to preserve old behaiour for '/Engine/MapTemplates/Sky/DaylightAmbientCubemap.DaylightAmbientCubemap', its maximum texture size has been explicitly set to 512.
[2022.12.23-07.08.23:827][  0]LogHMD: PokeAHoleMaterial loaded successfully
[2022.12.23-07.08.23:831][  0]LogUObjectArray: 17178 objects as part of root set at end of initial load.
[2022.12.23-07.08.23:831][  0]LogUObjectAllocator: 4302048 out of 0 bytes used by permanent object pool.
[2022.12.23-07.08.23:831][  0]LogUObjectArray: CloseDisregardForGC: 0/0 objects in disregard for GC pool
[2022.12.23-07.08.24:095][  0]LogNiagaraDebuggerClient: Niagara Debugger Client Initialized | Session: 50C434E746480C7D898B2E9E24F834B8 | Instance: 40EA808F417F1F992F6A008F25068F52 (DELL-14052).
[2022.12.23-07.08.24:127][  0]LogTcpMessaging: Initializing TcpMessaging bridge
[2022.12.23-07.08.24:133][  0]LogUdpMessaging: Initializing bridge on interface 0.0.0.0:0 to multicast group 230.0.0.1:6666.
[2022.12.23-07.08.24:308][  0]LogPython: Using Python 3.7.7
[2022.12.23-07.08.24:880][  0]SourceControl: Source control is disabled
[2022.12.23-07.08.24:880][  0]SourceControl: Source control is disabled
[2022.12.23-07.08.24:885][  0]SourceControl: Source control is disabled
[2022.12.23-07.08.24:888][  0]SourceControl: Source control is disabled
[2022.12.23-07.08.24:893][  0]LogUProjectInfo: Found projects:
[2022.12.23-07.08.24:915][  0]SourceControl: Source control is disabled
[2022.12.23-07.08.25:142][  0]LogOpenImageDenoise: OIDN starting up
[2022.12.23-07.08.25:164][  0]LogAndroidPermission: UAndroidPermissionCallbackProxy::GetInstance
[2022.12.23-07.08.25:177][  0]LogAudioCaptureCore: Display: No Audio Capture implementations found. Audio input will be silent.
[2022.12.23-07.08.25:177][  0]LogAudioCaptureCore: Display: No Audio Capture implementations found. Audio input will be silent.
[2022.12.23-07.08.25:405][  0]LogCollectionManager: Loaded 0 collections in 0.001194 seconds
[2022.12.23-07.08.25:431][  0]LogFileCache: Scanning file cache for directory 'C:/Users/roma_/Documents/Unreal Engine/Level/Saved/Collections/' took 0.00s
[2022.12.23-07.08.25:431][  0]LogFileCache: Scanning file cache for directory 'C:/Users/roma_/Documents/Unreal Engine/Level/Content/Developers/roma/Collections/' took 0.00s
[2022.12.23-07.08.25:431][  0]LogFileCache: Scanning file cache for directory 'C:/Users/roma_/Documents/Unreal Engine/Level/Content/Collections/' took 0.00s
[2022.12.23-07.08.25:431][  0]LogOcInput: OculusInput pre-init called
[2022.12.23-07.08.25:635][  0]LogEngine: Initializing Engine...
[2022.12.23-07.08.25:683][  0]LogHMD: Failed to enumerate extensions. Please check that you have a valid OpenXR runtime installed.
[2022.12.23-07.08.25:684][  0]LogHMD: Failed to initialize OpenVR with code 110
[2022.12.23-07.08.25:685][  0]LogMagicLeap: Warning: VR disabled because ZI is not enabled.  To enable, in the editor, Edit -> Project Settings -> Plugins -> Magic Leap Plugin -> Enable Zero Iteration
[2022.12.23-07.08.25:686][  0]LogStats: UGameplayTagsManager::InitializeManager -  0.000 s
[2022.12.23-07.08.25:879][  0]LogInit: Initializing FReadOnlyCVARCache
[2022.12.23-07.08.25:885][  0]LogAIModule: Creating AISystem for world Untitled
[2022.12.23-07.08.25:885][  0]LogAudio: Display: Initializing Audio Device Manager...
[2022.12.23-07.08.25:888][  0]LogAudio: Display: Loading Default Audio Settings Objects...
[2022.12.23-07.08.25:891][  0]LogAudio: Display: No default SoundConcurrencyObject specified (or failed to load).
[2022.12.23-07.08.25:891][  0]LogAudio: Display: Audio Device Manager Initialized
[2022.12.23-07.08.25:891][  0]LogAudio: Display: Creating Audio Device:                 Id: 1, Scope: Shared, Realtime: True
[2022.12.23-07.08.25:892][  0]LogAudioMixer: Display: Audio Mixer Platform Settings:
[2022.12.23-07.08.25:892][  0]LogAudioMixer: Display: 	Sample Rate:						  48000
[2022.12.23-07.08.25:892][  0]LogAudioMixer: Display: 	Callback Buffer Frame Size Requested: 1024
[2022.12.23-07.08.25:892][  0]LogAudioMixer: Display: 	Callback Buffer Frame Size To Use:	  1024
[2022.12.23-07.08.25:892][  0]LogAudioMixer: Display: 	Number of buffers to queue:			  2
[2022.12.23-07.08.25:892][  0]LogAudioMixer: Display: 	Max Channels (voices):				  32
[2022.12.23-07.08.25:892][  0]LogAudioMixer: Display: 	Number of Async Source Workers:		  0
[2022.12.23-07.08.25:892][  0]LogAudio: Display: AudioDevice MaxSources: 32
[2022.12.23-07.08.25:892][  0]LogAudio: Display: Audio Spatialization Plugin: None (built-in).
[2022.12.23-07.08.25:892][  0]LogAudio: Display: Audio Reverb Plugin: None (built-in).
[2022.12.23-07.08.25:892][  0]LogAudio: Display: Audio Occlusion Plugin: None (built-in).
[2022.12.23-07.08.25:892][  0]LogAudioMixer: Display: Initializing audio mixer.
[2022.12.23-07.08.25:968][  0]LogAudioMixer: Display: 0: FrontLeft
[2022.12.23-07.08.25:968][  0]LogAudioMixer: Display: 1: FrontRight
[2022.12.23-07.08.25:968][  0]LogAudioMixer: Display: 2: FrontCenter
[2022.12.23-07.08.25:968][  0]LogAudioMixer: Display: 3: LowFrequency
[2022.12.23-07.08.25:968][  0]LogAudioMixer: Display: 4: BackLeft
[2022.12.23-07.08.25:968][  0]LogAudioMixer: Display: 5: BackRight
[2022.12.23-07.08.25:968][  0]LogAudioMixer: Display: 6: SideLeft
[2022.12.23-07.08.25:968][  0]LogAudioMixer: Display: 7: SideRight
[2022.12.23-07.08.26:168][  0]LogAudioMixer: Display: Using Audio Device Speakers (Realtek(R) Audio)
[2022.12.23-07.08.26:169][  0]LogAudioMixer: Display: Initializing Sound Submixes...
[2022.12.23-07.08.26:183][  0]LogAudioMixer: Display: Creating Master Submix 'MasterSubmixDefault'
[2022.12.23-07.08.26:183][  0]LogAudioMixer: Display: Creating Master Submix 'MasterReverbSubmixDefault'
[2022.12.23-07.08.26:184][  0]LogAudioMixer: Display: Creating Master Submix 'MasterEQSubmixDefault'
[2022.12.23-07.08.26:184][  0]LogAudioMixer: FMixerPlatformXAudio2::StartAudioStream() called
[2022.12.23-07.08.26:184][  0]LogAudioMixer: Display: Output buffers initialized: Frames=1024, Channels=8, Samples=8192
[2022.12.23-07.08.26:185][  0]LogAudioMixer: Display: Starting AudioMixerPlatformInterface::RunInternal()
[2022.12.23-07.08.26:185][  0]LogAudioMixer: Display: FMixerPlatformXAudio2::SubmitBuffer() called for the first time
[2022.12.23-07.08.26:185][  0]LogInit: FAudioDevice initialized.
[2022.12.23-07.08.26:185][  0]LogAudio: Display: Audio Device (ID: 1) registered with world 'Untitled'.
[2022.12.23-07.08.26:185][  0]LogNetVersion: Set ProjectVersion to 1.0.0.0. Version Checksum will be recalculated on next use.
[2022.12.23-07.08.26:233][  0]LogDerivedDataCache: Saved boot cache 0.05s 94MB C:/Users/roma_/AppData/Local/UnrealEngine/4.27/DerivedDataCache/Boot.ddc.
[2022.12.23-07.08.26:233][  0]LogInit: Texture streaming: Enabled
[2022.12.23-07.08.26:244][  0]LogAnalytics: Display: [UEEditor.Rocket.Release] APIServer = https://datarouter.ol.epicgames.com/. AppVersion = 4.27.2-18319896+++UE4+Release-4.27
[2022.12.23-07.08.26:247][  0]LogEngineSessionManager: EngineSessionManager initialized
[2022.12.23-07.08.26:247][  0]LogEditorSessionSummary: Verbose: Initializing EditorSessionSummaryWriter for editor session tracking
[2022.12.23-07.08.26:248][  0]LogEditorSessionSummary: EditorSessionSummaryWriter initialized
[2022.12.23-07.08.26:267][  0]LogInit: Transaction tracking system initialized
[2022.12.23-07.08.26:285][  0]BlueprintLog: New page: Editor Load
[2022.12.23-07.08.26:335][  0]LocalizationService: Localization service is disabled
[2022.12.23-07.08.26:353][  0]TimingProfiler: Initialize
[2022.12.23-07.08.26:353][  0]TimingProfiler: OnSessionChanged
[2022.12.23-07.08.26:353][  0]LoadingProfiler: Initialize
[2022.12.23-07.08.26:353][  0]LoadingProfiler: OnSessionChanged
[2022.12.23-07.08.26:353][  0]NetworkingProfiler: Initialize
[2022.12.23-07.08.26:353][  0]NetworkingProfiler: OnSessionChanged
[2022.12.23-07.08.26:353][  0]MemoryProfiler: Initialize
[2022.12.23-07.08.26:353][  0]MemoryProfiler: OnSessionChanged
[2022.12.23-07.08.26:586][  0]LogCook: Display: CookSettings for Memory: MemoryMaxUsedVirtual 0MiB, MemoryMaxUsedPhysical 16384MiB, MemoryMinFreeVirtual 0MiB, MemoryMinFreePhysical 1024MiB
[2022.12.23-07.08.26:586][  0]LogCook: Display: Mobile HDR setting 1
[2022.12.23-07.08.26:752][  0]LogFileCache: Scanning file cache for directory 'C:/Users/roma_/Documents/Unreal Engine/Level/Content/' took 0.00s
[2022.12.23-07.08.26:873][  0]LogInit: Display: Engine is initialized. Leaving FEngineLoop::Init()
[2022.12.23-07.08.26:875][  0]SourceControl: Source control is disabled
[2022.12.23-07.08.26:875][  0]LogUnrealEdMisc: Loading editor; pre map load, took 9.800
[2022.12.23-07.08.26:875][  0]Cmd: MAP LOAD FILE="../../../../../../Users/roma_/Documents/Unreal Engine/Level/Content/ThirdPersonBP/Maps/ThirdPersonExampleMap.umap" TEMPLATE=0 SHOWPROGRESS=1 FEATURELEVEL=3
[2022.12.23-07.08.26:876][  0]LightingResults: New page: Lighting Build
[2022.12.23-07.08.26:877][  0]LogWorld: UWorld::CleanupWorld for Untitled, bSessionEnded=true, bCleanupResources=true
[2022.12.23-07.08.26:877][  0]LogSlate: InvalidateAllWidgets triggered.  All widgets were invalidated
[2022.12.23-07.08.26:877][  0]MapCheck: New page: Map Check
[2022.12.23-07.08.26:877][  0]LightingResults: New page: Lighting Build
[2022.12.23-07.08.26:881][  0]LogAudio: Display: Audio Device unregistered from world 'None'.
[2022.12.23-07.08.26:883][  0]LogUObjectHash: Compacting FUObjectHashTables data took   0.62ms
[2022.12.23-07.08.27:334][  0]LogAudio: Display: Audio Device (ID: 1) registered with world 'ThirdPersonExampleMap'.
[2022.12.23-07.08.27:334][  0]LogAIModule: Creating AISystem for world ThirdPersonExampleMap
[2022.12.23-07.08.27:348][  0]LogEditorServer: Finished looking for orphan Actors (0.000 secs)
[2022.12.23-07.08.27:354][  0]LogUObjectHash: Compacting FUObjectHashTables data took   0.63ms
[2022.12.23-07.08.27:354][  0]Cmd: MAP CHECKDEP NOCLEARLOG
[2022.12.23-07.08.27:355][  0]MapCheck: Map check complete: 0 Error(s), 0 Warning(s), took 0,114ms to complete.
[2022.12.23-07.08.27:355][  0]LogFileHelpers: Loading map 'ThirdPersonExampleMap' took 0.480
[2022.12.23-07.08.27:356][  0]LogUnrealEdMisc: Total Editor Startup Time, took 10.281
[2022.12.23-07.08.27:480][  0]LogSlate: Updating window title bar state: overlay mode, drag disabled, window buttons hidden, title bar hidden
[2022.12.23-07.08.27:485][  0]LogSlate: Updating window title bar state: overlay mode, drag disabled, window buttons hidden, title bar hidden
[2022.12.23-07.08.27:489][  0]LogSlate: Updating window title bar state: overlay mode, drag disabled, window buttons hidden, title bar hidden
[2022.12.23-07.08.27:493][  0]LogSlate: Updating window title bar state: overlay mode, drag disabled, window buttons hidden, title bar hidden
[2022.12.23-07.08.27:518][  0]LogNativeClassHierarchy: Verbose: Native class hierarchy populated in 0.0078 seconds. Added 3822 classes and 928 folders.
[2022.12.23-07.08.27:523][  0]LogNativeClassHierarchy: Verbose: Native class hierarchy updated for 'WidgetCarousel' in 0.0002 seconds. Added 0 classes and 0 folders.
[2022.12.23-07.08.27:532][  0]LogPakFile: PakFile PrimaryIndexSize=187
[2022.12.23-07.08.27:532][  0]LogPakFile: PakFile PathHashIndexSize=101
[2022.12.23-07.08.27:533][  0]LogPakFile: PakFile FullDirectoryIndexSize=148
[2022.12.23-07.08.27:533][  0]LogShaderLibrary: Display: ShaderCodeLibraryPakFileMountedCallback: PakFile 'C:/Program Files/Epic Games/UE_4.27/FeaturePacks/FP_FirstPerson.upack' (chunk index -1, root 'root:/') mounted
[2022.12.23-07.08.27:533][  0]LogShaderLibrary: Display: ShaderCodeLibraryPakFileMountedCallback: pending pak file info (ChunkID:-1 Root:root:/ File:C:/Program Files/Epic Games/UE_4.27/FeaturePacks/FP_FirstPerson.upack)
[2022.12.23-07.08.27:533][  0]LogPakFile: OnPakFileMounted2Time == 0.000070
[2022.12.23-07.08.27:539][  0]LogPakFile: PakFile PrimaryIndexSize=189
[2022.12.23-07.08.27:539][  0]LogPakFile: PakFile PathHashIndexSize=101
[2022.12.23-07.08.27:539][  0]LogPakFile: PakFile FullDirectoryIndexSize=152
[2022.12.23-07.08.27:539][  0]LogShaderLibrary: Display: ShaderCodeLibraryPakFileMountedCallback: PakFile 'C:/Program Files/Epic Games/UE_4.27/FeaturePacks/FP_FirstPersonBP.upack' (chunk index -1, root 'root:/') mounted
[2022.12.23-07.08.27:539][  0]LogShaderLibrary: Display: ShaderCodeLibraryPakFileMountedCallback: pending pak file info (ChunkID:-1 Root:root:/ File:C:/Program Files/Epic Games/UE_4.27/FeaturePacks/FP_FirstPersonBP.upack)
[2022.12.23-07.08.27:539][  0]LogPakFile: OnPakFileMounted2Time == 0.000031
[2022.12.23-07.08.27:543][  0]LogPakFile: PakFile PrimaryIndexSize=191
[2022.12.23-07.08.27:543][  0]LogPakFile: PakFile PathHashIndexSize=101
[2022.12.23-07.08.27:543][  0]LogPakFile: PakFile FullDirectoryIndexSize=160
[2022.12.23-07.08.27:543][  0]LogShaderLibrary: Display: ShaderCodeLibraryPakFileMountedCallback: PakFile 'C:/Program Files/Epic Games/UE_4.27/FeaturePacks/MobileStarterContent.upack' (chunk index -1, root 'root:/') mounted
[2022.12.23-07.08.27:543][  0]LogShaderLibrary: Display: ShaderCodeLibraryPakFileMountedCallback: pending pak file info (ChunkID:-1 Root:root:/ File:C:/Program Files/Epic Games/UE_4.27/FeaturePacks/MobileStarterContent.upack)
[2022.12.23-07.08.27:543][  0]LogPakFile: OnPakFileMounted2Time == 0.000027
[2022.12.23-07.08.27:546][  0]LogPakFile: PakFile PrimaryIndexSize=185
[2022.12.23-07.08.27:546][  0]LogPakFile: PakFile PathHashIndexSize=101
[2022.12.23-07.08.27:546][  0]LogPakFile: PakFile FullDirectoryIndexSize=148
[2022.12.23-07.08.27:546][  0]LogShaderLibrary: Display: ShaderCodeLibraryPakFileMountedCallback: PakFile 'C:/Program Files/Epic Games/UE_4.27/FeaturePacks/StarterContent.upack' (chunk index -1, root 'root:/') mounted
[2022.12.23-07.08.27:546][  0]LogShaderLibrary: Display: ShaderCodeLibraryPakFileMountedCallback: pending pak file info (ChunkID:-1 Root:root:/ File:C:/Program Files/Epic Games/UE_4.27/FeaturePacks/StarterContent.upack)
[2022.12.23-07.08.27:546][  0]LogPakFile: OnPakFileMounted2Time == 0.000025
[2022.12.23-07.08.27:550][  0]LogPakFile: PakFile PrimaryIndexSize=190
[2022.12.23-07.08.27:550][  0]LogPakFile: PakFile PathHashIndexSize=101
[2022.12.23-07.08.27:550][  0]LogPakFile: PakFile FullDirectoryIndexSize=154
[2022.12.23-07.08.27:550][  0]LogShaderLibrary: Display: ShaderCodeLibraryPakFileMountedCallback: PakFile 'C:/Program Files/Epic Games/UE_4.27/FeaturePacks/TP_2DSideScroller.upack' (chunk index -1, root 'root:/') mounted
[2022.12.23-07.08.27:550][  0]LogShaderLibrary: Display: ShaderCodeLibraryPakFileMountedCallback: pending pak file info (ChunkID:-1 Root:root:/ File:C:/Program Files/Epic Games/UE_4.27/FeaturePacks/TP_2DSideScroller.upack)
[2022.12.23-07.08.27:550][  0]LogPakFile: OnPakFileMounted2Time == 0.000024
[2022.12.23-07.08.27:553][  0]LogPakFile: PakFile PrimaryIndexSize=192
[2022.12.23-07.08.27:553][  0]LogPakFile: PakFile PathHashIndexSize=101
[2022.12.23-07.08.27:553][  0]LogPakFile: PakFile FullDirectoryIndexSize=158
[2022.12.23-07.08.27:553][  0]LogShaderLibrary: Display: ShaderCodeLibraryPakFileMountedCallback: PakFile 'C:/Program Files/Epic Games/UE_4.27/FeaturePacks/TP_2DSideScrollerBP.upack' (chunk index -1, root 'root:/') mounted
[2022.12.23-07.08.27:553][  0]LogShaderLibrary: Display: ShaderCodeLibraryPakFileMountedCallback: pending pak file info (ChunkID:-1 Root:root:/ File:C:/Program Files/Epic Games/UE_4.27/FeaturePacks/TP_2DSideScrollerBP.upack)
[2022.12.23-07.08.27:553][  0]LogPakFile: OnPakFileMounted2Time == 0.000023
[2022.12.23-07.08.27:557][  0]LogPakFile: PakFile PrimaryIndexSize=182
[2022.12.23-07.08.27:557][  0]LogPakFile: PakFile PathHashIndexSize=101
[2022.12.23-07.08.27:557][  0]LogPakFile: PakFile FullDirectoryIndexSize=138
[2022.12.23-07.08.27:557][  0]LogShaderLibrary: Display: ShaderCodeLibraryPakFileMountedCallback: PakFile 'C:/Program Files/Epic Games/UE_4.27/FeaturePacks/TP_Flying.upack' (chunk index -1, root 'root:/') mounted
[2022.12.23-07.08.27:557][  0]LogShaderLibrary: Display: ShaderCodeLibraryPakFileMountedCallback: pending pak file info (ChunkID:-1 Root:root:/ File:C:/Program Files/Epic Games/UE_4.27/FeaturePacks/TP_Flying.upack)
[2022.12.23-07.08.27:557][  0]LogPakFile: OnPakFileMounted2Time == 0.000023
[2022.12.23-07.08.27:561][  0]LogPakFile: PakFile PrimaryIndexSize=184
[2022.12.23-07.08.27:561][  0]LogPakFile: PakFile PathHashIndexSize=101
[2022.12.23-07.08.27:561][  0]LogPakFile: PakFile FullDirectoryIndexSize=142
[2022.12.23-07.08.27:561][  0]LogShaderLibrary: Display: ShaderCodeLibraryPakFileMountedCallback: PakFile 'C:/Program Files/Epic Games/UE_4.27/FeaturePacks/TP_FlyingBP.upack' (chunk index -1, root 'root:/') mounted
[2022.12.23-07.08.27:561][  0]LogShaderLibrary: Display: ShaderCodeLibraryPakFileMountedCallback: pending pak file info (ChunkID:-1 Root:root:/ File:C:/Program Files/Epic Games/UE_4.27/FeaturePacks/TP_FlyingBP.upack)
[2022.12.23-07.08.27:561][  0]LogPakFile: OnPakFileMounted2Time == 0.000021
[2022.12.23-07.08.27:565][  0]LogPakFile: PakFile PrimaryIndexSize=188
[2022.12.23-07.08.27:565][  0]LogPakFile: PakFile PathHashIndexSize=101
[2022.12.23-07.08.27:565][  0]LogPakFile: PakFile FullDirectoryIndexSize=150
[2022.12.23-07.08.27:565][  0]LogShaderLibrary: Display: ShaderCodeLibraryPakFileMountedCallback: PakFile 'C:/Program Files/Epic Games/UE_4.27/FeaturePacks/TP_HandheldARBP.upack' (chunk index -1, root 'root:/') mounted
[2022.12.23-07.08.27:565][  0]LogShaderLibrary: Display: ShaderCodeLibraryPakFileMountedCallback: pending pak file info (ChunkID:-1 Root:root:/ File:C:/Program Files/Epic Games/UE_4.27/FeaturePacks/TP_HandheldARBP.upack)
[2022.12.23-07.08.27:565][  0]LogPakFile: OnPakFileMounted2Time == 0.000022
[2022.12.23-07.08.27:569][  0]LogPakFile: PakFile PrimaryIndexSize=182
[2022.12.23-07.08.27:569][  0]LogPakFile: PakFile PathHashIndexSize=101
[2022.12.23-07.08.27:569][  0]LogPakFile: PakFile FullDirectoryIndexSize=138
[2022.12.23-07.08.27:569][  0]LogShaderLibrary: Display: ShaderCodeLibraryPakFileMountedCallback: PakFile 'C:/Program Files/Epic Games/UE_4.27/FeaturePacks/TP_Puzzle.upack' (chunk index -1, root 'root:/') mounted
[2022.12.23-07.08.27:569][  0]LogShaderLibrary: Display: ShaderCodeLibraryPakFileMountedCallback: pending pak file info (ChunkID:-1 Root:root:/ File:C:/Program Files/Epic Games/UE_4.27/FeaturePacks/TP_Puzzle.upack)
[2022.12.23-07.08.27:569][  0]LogPakFile: OnPakFileMounted2Time == 0.000023
[2022.12.23-07.08.27:573][  0]LogPakFile: PakFile PrimaryIndexSize=184
[2022.12.23-07.08.27:573][  0]LogPakFile: PakFile PathHashIndexSize=101
[2022.12.23-07.08.27:573][  0]LogPakFile: PakFile FullDirectoryIndexSize=142
[2022.12.23-07.08.27:573][  0]LogShaderLibrary: Display: ShaderCodeLibraryPakFileMountedCallback: PakFile 'C:/Program Files/Epic Games/UE_4.27/FeaturePacks/TP_PuzzleBP.upack' (chunk index -1, root 'root:/') mounted
[2022.12.23-07.08.27:573][  0]LogShaderLibrary: Display: ShaderCodeLibraryPakFileMountedCallback: pending pak file info (ChunkID:-1 Root:root:/ File:C:/Program Files/Epic Games/UE_4.27/FeaturePacks/TP_PuzzleBP.upack)
[2022.12.23-07.08.27:573][  0]LogPakFile: OnPakFileMounted2Time == 0.000022
[2022.12.23-07.08.27:576][  0]LogPakFile: PakFile PrimaryIndexSize=183
[2022.12.23-07.08.27:576][  0]LogPakFile: PakFile PathHashIndexSize=101
[2022.12.23-07.08.27:576][  0]LogPakFile: PakFile FullDirectoryIndexSize=140
[2022.12.23-07.08.27:576][  0]LogShaderLibrary: Display: ShaderCodeLibraryPakFileMountedCallback: PakFile 'C:/Program Files/Epic Games/UE_4.27/FeaturePacks/TP_Rolling.upack' (chunk index -1, root 'root:/') mounted
[2022.12.23-07.08.27:576][  0]LogShaderLibrary: Display: ShaderCodeLibraryPakFileMountedCallback: pending pak file info (ChunkID:-1 Root:root:/ File:C:/Program Files/Epic Games/UE_4.27/FeaturePacks/TP_Rolling.upack)
[2022.12.23-07.08.27:576][  0]LogPakFile: OnPakFileMounted2Time == 0.000023
[2022.12.23-07.08.27:580][  0]LogPakFile: PakFile PrimaryIndexSize=185
[2022.12.23-07.08.27:580][  0]LogPakFile: PakFile PathHashIndexSize=101
[2022.12.23-07.08.27:580][  0]LogPakFile: PakFile FullDirectoryIndexSize=144
[2022.12.23-07.08.27:580][  0]LogShaderLibrary: Display: ShaderCodeLibraryPakFileMountedCallback: PakFile 'C:/Program Files/Epic Games/UE_4.27/FeaturePacks/TP_RollingBP.upack' (chunk index -1, root 'root:/') mounted
[2022.12.23-07.08.27:580][  0]LogShaderLibrary: Display: ShaderCodeLibraryPakFileMountedCallback: pending pak file info (ChunkID:-1 Root:root:/ File:C:/Program Files/Epic Games/UE_4.27/FeaturePacks/TP_RollingBP.upack)
[2022.12.23-07.08.27:580][  0]LogPakFile: OnPakFileMounted2Time == 0.000025
[2022.12.23-07.08.27:584][  0]LogPakFile: PakFile PrimaryIndexSize=188
[2022.12.23-07.08.27:584][  0]LogPakFile: PakFile PathHashIndexSize=101
[2022.12.23-07.08.27:584][  0]LogPakFile: PakFile FullDirectoryIndexSize=150
[2022.12.23-07.08.27:584][  0]LogShaderLibrary: Display: ShaderCodeLibraryPakFileMountedCallback: PakFile 'C:/Program Files/Epic Games/UE_4.27/FeaturePacks/TP_SideScroller.upack' (chunk index -1, root 'root:/') mounted
[2022.12.23-07.08.27:584][  0]LogShaderLibrary: Display: ShaderCodeLibraryPakFileMountedCallback: pending pak file info (ChunkID:-1 Root:root:/ File:C:/Program Files/Epic Games/UE_4.27/FeaturePacks/TP_SideScroller.upack)
[2022.12.23-07.08.27:584][  0]LogPakFile: OnPakFileMounted2Time == 0.000022
[2022.12.23-07.08.27:587][  0]LogPakFile: PakFile PrimaryIndexSize=190
[2022.12.23-07.08.27:587][  0]LogPakFile: PakFile PathHashIndexSize=101
[2022.12.23-07.08.27:587][  0]LogPakFile: PakFile FullDirectoryIndexSize=154
[2022.12.23-07.08.27:587][  0]LogShaderLibrary: Display: ShaderCodeLibraryPakFileMountedCallback: PakFile 'C:/Program Files/Epic Games/UE_4.27/FeaturePacks/TP_SideScrollerBP.upack' (chunk index -1, root 'root:/') mounted
[2022.12.23-07.08.27:587][  0]LogShaderLibrary: Display: ShaderCodeLibraryPakFileMountedCallback: pending pak file info (ChunkID:-1 Root:root:/ File:C:/Program Files/Epic Games/UE_4.27/FeaturePacks/TP_SideScrollerBP.upack)
[2022.12.23-07.08.27:587][  0]LogPakFile: OnPakFileMounted2Time == 0.000022
[2022.12.23-07.08.27:591][  0]LogPakFile: PakFile PrimaryIndexSize=187
[2022.12.23-07.08.27:591][  0]LogPakFile: PakFile PathHashIndexSize=101
[2022.12.23-07.08.27:591][  0]LogPakFile: PakFile FullDirectoryIndexSize=148
[2022.12.23-07.08.27:591][  0]LogShaderLibrary: Display: ShaderCodeLibraryPakFileMountedCallback: PakFile 'C:/Program Files/Epic Games/UE_4.27/FeaturePacks/TP_ThirdPerson.upack' (chunk index -1, root 'root:/') mounted
[2022.12.23-07.08.27:591][  0]LogShaderLibrary: Display: ShaderCodeLibraryPakFileMountedCallback: pending pak file info (ChunkID:-1 Root:root:/ File:C:/Program Files/Epic Games/UE_4.27/FeaturePacks/TP_ThirdPerson.upack)
[2022.12.23-07.08.27:591][  0]LogPakFile: OnPakFileMounted2Time == 0.000023
[2022.12.23-07.08.27:595][  0]LogPakFile: PakFile PrimaryIndexSize=189
[2022.12.23-07.08.27:595][  0]LogPakFile: PakFile PathHashIndexSize=101
[2022.12.23-07.08.27:595][  0]LogPakFile: PakFile FullDirectoryIndexSize=152
[2022.12.23-07.08.27:595][  0]LogShaderLibrary: Display: ShaderCodeLibraryPakFileMountedCallback: PakFile 'C:/Program Files/Epic Games/UE_4.27/FeaturePacks/TP_ThirdPersonBP.upack' (chunk index -1, root 'root:/') mounted
[2022.12.23-07.08.27:595][  0]LogShaderLibrary: Display: ShaderCodeLibraryPakFileMountedCallback: pending pak file info (ChunkID:-1 Root:root:/ File:C:/Program Files/Epic Games/UE_4.27/FeaturePacks/TP_ThirdPersonBP.upack)
[2022.12.23-07.08.27:595][  0]LogPakFile: OnPakFileMounted2Time == 0.000034
[2022.12.23-07.08.27:598][  0]LogPakFile: PakFile PrimaryIndexSize=183
[2022.12.23-07.08.27:598][  0]LogPakFile: PakFile PathHashIndexSize=101
[2022.12.23-07.08.27:598][  0]LogPakFile: PakFile FullDirectoryIndexSize=140
[2022.12.23-07.08.27:598][  0]LogShaderLibrary: Display: ShaderCodeLibraryPakFileMountedCallback: PakFile 'C:/Program Files/Epic Games/UE_4.27/FeaturePacks/TP_TopDown.upack' (chunk index -1, root 'root:/') mounted
[2022.12.23-07.08.27:598][  0]LogShaderLibrary: Display: ShaderCodeLibraryPakFileMountedCallback: pending pak file info (ChunkID:-1 Root:root:/ File:C:/Program Files/Epic Games/UE_4.27/FeaturePacks/TP_TopDown.upack)
[2022.12.23-07.08.27:598][  0]LogPakFile: OnPakFileMounted2Time == 0.000029
[2022.12.23-07.08.27:602][  0]LogPakFile: PakFile PrimaryIndexSize=185
[2022.12.23-07.08.27:602][  0]LogPakFile: PakFile PathHashIndexSize=101
[2022.12.23-07.08.27:602][  0]LogPakFile: PakFile FullDirectoryIndexSize=144
[2022.12.23-07.08.27:602][  0]LogShaderLibrary: Display: ShaderCodeLibraryPakFileMountedCallback: PakFile 'C:/Program Files/Epic Games/UE_4.27/FeaturePacks/TP_TopDownBP.upack' (chunk index -1, root 'root:/') mounted
[2022.12.23-07.08.27:602][  0]LogShaderLibrary: Display: ShaderCodeLibraryPakFileMountedCallback: pending pak file info (ChunkID:-1 Root:root:/ File:C:/Program Files/Epic Games/UE_4.27/FeaturePacks/TP_TopDownBP.upack)
[2022.12.23-07.08.27:602][  0]LogPakFile: OnPakFileMounted2Time == 0.000023
[2022.12.23-07.08.27:608][  0]LogPakFile: PakFile PrimaryIndexSize=185
[2022.12.23-07.08.27:608][  0]LogPakFile: PakFile PathHashIndexSize=101
[2022.12.23-07.08.27:608][  0]LogPakFile: PakFile FullDirectoryIndexSize=144
[2022.12.23-07.08.27:608][  0]LogShaderLibrary: Display: ShaderCodeLibraryPakFileMountedCallback: PakFile 'C:/Program Files/Epic Games/UE_4.27/FeaturePacks/TP_TwinStick.upack' (chunk index -1, root 'root:/') mounted
[2022.12.23-07.08.27:608][  0]LogShaderLibrary: Display: ShaderCodeLibraryPakFileMountedCallback: pending pak file info (ChunkID:-1 Root:root:/ File:C:/Program Files/Epic Games/UE_4.27/FeaturePacks/TP_TwinStick.upack)
[2022.12.23-07.08.27:608][  0]LogPakFile: OnPakFileMounted2Time == 0.000022
[2022.12.23-07.08.27:611][  0]LogPakFile: PakFile PrimaryIndexSize=187
[2022.12.23-07.08.27:611][  0]LogPakFile: PakFile PathHashIndexSize=101
[2022.12.23-07.08.27:611][  0]LogPakFile: PakFile FullDirectoryIndexSize=148
[2022.12.23-07.08.27:611][  0]LogShaderLibrary: Display: ShaderCodeLibraryPakFileMountedCallback: PakFile 'C:/Program Files/Epic Games/UE_4.27/FeaturePacks/TP_TwinStickBP.upack' (chunk index -1, root 'root:/') mounted
[2022.12.23-07.08.27:611][  0]LogShaderLibrary: Display: ShaderCodeLibraryPakFileMountedCallback: pending pak file info (ChunkID:-1 Root:root:/ File:C:/Program Files/Epic Games/UE_4.27/FeaturePacks/TP_TwinStickBP.upack)
[2022.12.23-07.08.27:611][  0]LogPakFile: OnPakFileMounted2Time == 0.000021
[2022.12.23-07.08.27:614][  0]LogPakFile: PakFile PrimaryIndexSize=183
[2022.12.23-07.08.27:614][  0]LogPakFile: PakFile PathHashIndexSize=101
[2022.12.23-07.08.27:614][  0]LogPakFile: PakFile FullDirectoryIndexSize=140
[2022.12.23-07.08.27:614][  0]LogShaderLibrary: Display: ShaderCodeLibraryPakFileMountedCallback: PakFile 'C:/Program Files/Epic Games/UE_4.27/FeaturePacks/TP_Vehicle.upack' (chunk index -1, root 'root:/') mounted
[2022.12.23-07.08.27:614][  0]LogShaderLibrary: Display: ShaderCodeLibraryPakFileMountedCallback: pending pak file info (ChunkID:-1 Root:root:/ File:C:/Program Files/Epic Games/UE_4.27/FeaturePacks/TP_Vehicle.upack)
[2022.12.23-07.08.27:614][  0]LogPakFile: OnPakFileMounted2Time == 0.000022
[2022.12.23-07.08.27:618][  0]LogPakFile: PakFile PrimaryIndexSize=186
[2022.12.23-07.08.27:618][  0]LogPakFile: PakFile PathHashIndexSize=101
[2022.12.23-07.08.27:618][  0]LogPakFile: PakFile FullDirectoryIndexSize=146
[2022.12.23-07.08.27:618][  0]LogShaderLibrary: Display: ShaderCodeLibraryPakFileMountedCallback: PakFile 'C:/Program Files/Epic Games/UE_4.27/FeaturePacks/TP_VehicleAdv.upack' (chunk index -1, root 'root:/') mounted
[2022.12.23-07.08.27:618][  0]LogShaderLibrary: Display: ShaderCodeLibraryPakFileMountedCallback: pending pak file info (ChunkID:-1 Root:root:/ File:C:/Program Files/Epic Games/UE_4.27/FeaturePacks/TP_VehicleAdv.upack)
[2022.12.23-07.08.27:618][  0]LogPakFile: OnPakFileMounted2Time == 0.000023
[2022.12.23-07.08.27:621][  0]LogPakFile: PakFile PrimaryIndexSize=188
[2022.12.23-07.08.27:621][  0]LogPakFile: PakFile PathHashIndexSize=101
[2022.12.23-07.08.27:621][  0]LogPakFile: PakFile FullDirectoryIndexSize=150
[2022.12.23-07.08.27:622][  0]LogShaderLibrary: Display: ShaderCodeLibraryPakFileMountedCallback: PakFile 'C:/Program Files/Epic Games/UE_4.27/FeaturePacks/TP_VehicleAdvBP.upack' (chunk index -1, root 'root:/') mounted
[2022.12.23-07.08.27:622][  0]LogShaderLibrary: Display: ShaderCodeLibraryPakFileMountedCallback: pending pak file info (ChunkID:-1 Root:root:/ File:C:/Program Files/Epic Games/UE_4.27/FeaturePacks/TP_VehicleAdvBP.upack)
[2022.12.23-07.08.27:622][  0]LogPakFile: OnPakFileMounted2Time == 0.000023
[2022.12.23-07.08.27:625][  0]LogPakFile: PakFile PrimaryIndexSize=185
[2022.12.23-07.08.27:625][  0]LogPakFile: PakFile PathHashIndexSize=101
[2022.12.23-07.08.27:625][  0]LogPakFile: PakFile FullDirectoryIndexSize=144
[2022.12.23-07.08.27:625][  0]LogShaderLibrary: Display: ShaderCodeLibraryPakFileMountedCallback: PakFile 'C:/Program Files/Epic Games/UE_4.27/FeaturePacks/TP_VehicleBP.upack' (chunk index -1, root 'root:/') mounted
[2022.12.23-07.08.27:625][  0]LogShaderLibrary: Display: ShaderCodeLibraryPakFileMountedCallback: pending pak file info (ChunkID:-1 Root:root:/ File:C:/Program Files/Epic Games/UE_4.27/FeaturePacks/TP_VehicleBP.upack)
[2022.12.23-07.08.27:625][  0]LogPakFile: OnPakFileMounted2Time == 0.000022
[2022.12.23-07.08.27:629][  0]LogPakFile: PakFile PrimaryIndexSize=192
[2022.12.23-07.08.27:629][  0]LogPakFile: PakFile PathHashIndexSize=101
[2022.12.23-07.08.27:629][  0]LogPakFile: PakFile FullDirectoryIndexSize=158
[2022.12.23-07.08.27:629][  0]LogShaderLibrary: Display: ShaderCodeLibraryPakFileMountedCallback: PakFile 'C:/Program Files/Epic Games/UE_4.27/FeaturePacks/TP_VirtualRealityBP.upack' (chunk index -1, root 'root:/') mounted
[2022.12.23-07.08.27:629][  0]LogShaderLibrary: Display: ShaderCodeLibraryPakFileMountedCallback: pending pak file info (ChunkID:-1 Root:root:/ File:C:/Program Files/Epic Games/UE_4.27/FeaturePacks/TP_VirtualRealityBP.upack)
[2022.12.23-07.08.27:629][  0]LogPakFile: OnPakFileMounted2Time == 0.000022
[2022.12.23-07.08.27:766][  0]LogNativeClassHierarchy: Verbose: Native class hierarchy updated for 'AddContentDialog' in 0.0002 seconds. Added 0 classes and 0 folders.
[2022.12.23-07.08.27:770][  0]LogNativeClassHierarchy: Verbose: Native class hierarchy updated for 'SceneOutliner' in 0.0002 seconds. Added 2 classes and 0 folders.
[2022.12.23-07.08.27:936][  0]LogSlate: Took 0.003077 seconds to synchronously load lazily loaded font '../../../Engine/Content/Slate/Fonts/Roboto-Regular.ttf' (155K)
[2022.12.23-07.08.27:941][  0]LogSlate: Took 0.004407 seconds to synchronously load lazily loaded font '../../../Engine/Content/Editor/Slate/Fonts/FontAwesome.ttf' (139K)
[2022.12.23-07.08.27:945][  0]LogSlate: Took 0.002729 seconds to synchronously load lazily loaded font '../../../Engine/Content/Slate/Fonts/Roboto-Bold.ttf' (160K)
[2022.12.23-07.08.28:054][  0]LogRenderer: Reallocating scene render targets to support 844x428 Format 10 NumSamples 1 (Frame:1).
[2022.12.23-07.08.28:171][  0]LogNativeClassHierarchy: Verbose: Native class hierarchy updated for 'HierarchicalLODOutliner' in 0.0003 seconds. Added 0 classes and 0 folders.
[2022.12.23-07.08.28:171][  0]LogInput: Warning: Action Jump uses invalid key OculusGo_Left_Trigger_Click.
[2022.12.23-07.08.28:171][  0]LogInput: Warning: Action ResetVR uses invalid key OculusGo_Left_Trackpad_Click.
[2022.12.23-07.08.28:171][  0]LogInput: Warning: Use -RemoveInvalidKeys to remove instances of these keys from the action mapping.
[2022.12.23-07.08.28:171][  0]LogLoad: (Engine Initialization) Total time: 11.10 seconds
[2022.12.23-07.08.28:171][  0]LogLoad: (Engine Initialization) Total Blueprint compile time: 0.00 seconds
[2022.12.23-07.08.28:220][  0]LogAssetRegistry: Asset discovery search completed in 5.4081 seconds
[2022.12.23-07.08.28:237][  0]LogCollectionManager: Fixed up redirectors for 0 collections in 0.000004 seconds (updated 0 objects)
[2022.12.23-07.08.28:239][  0]LogContentStreaming: Texture pool size now 1000 MB
[2022.12.23-07.08.28:889][  2]LogSlate: Took 0.005083 seconds to synchronously load lazily loaded font '../../../Engine/Content/Slate/Fonts/Roboto-Light.ttf' (167K)
[2022.12.23-07.09.28:646][750]LogSlate: Took 0.004322 seconds to synchronously load lazily loaded font '../../../Engine/Content/Slate/Fonts/Roboto-Italic.ttf' (157K)
[2022.12.23-07.19.27:830][880]LogHttp: Warning: 00000246D574A400: invalid HTTP response code received. URL: https://datarouter.ol.epicgames.com/datarouter/api/v1/public/data?SessionID=%7B941910BA-48D5-B5AC-9761-57A5BFE43273%7D&AppID=UEEditor.Rocket.Release&AppVersion=4.27.2-18319896%2B%2B%2BUE4%2BRelease-4.27&UserID=4666b0b243e17a8b13b273ab409b95bb%7C5a084dd96cc847099300761d9de465f1%7C2649eebe-cc52-4007-917f-be3c1afb1942&AppEnvironment=datacollector-binary&UploadType=eteventstream, HTTP code: 0, content length: 0, actual payload size: 0
[2022.12.23-07.19.27:830][880]LogHttp: Warning: 00000246D574A400: request failed, libcurl error: 56 (Failure when receiving data from the peer)
[2022.12.23-07.19.27:830][880]LogHttp: Warning: 00000246D574A400: libcurl info message cache 0 (Found bundle for host datarouter.ol.epicgames.com: 0x246df9afeb0 [can pipeline])
[2022.12.23-07.19.27:830][880]LogHttp: Warning: 00000246D574A400: libcurl info message cache 1 (Re-using existing connection! (#0) with host datarouter.ol.epicgames.com)
[2022.12.23-07.19.27:830][880]LogHttp: Warning: 00000246D574A400: libcurl info message cache 2 (Connected to datarouter.ol.epicgames.com (34.227.214.69) port 443 (#0))
[2022.12.23-07.19.27:830][880]LogHttp: Warning: 00000246D574A400: libcurl info message cache 3 (We are completely uploaded and fine)
[2022.12.23-07.19.27:830][880]LogHttp: Warning: 00000246D574A400: libcurl info message cache 4 (OpenSSL SSL_read: SSL_ERROR_SYSCALL, errno 10054)
[2022.12.23-07.19.27:830][880]LogHttp: Warning: 00000246D574A400: libcurl info message cache 5 (Connection died, retrying a fresh connect)
[2022.12.23-07.19.27:830][880]LogHttp: Warning: 00000246D574A400: libcurl info message cache 6 (necessary data rewind wasn't possible)
[2022.12.23-07.19.27:831][880]LogHttp: Warning: 00000246D574A400: libcurl info message cache 7 (Closing connection 0)
[2022.12.23-07.19.27:831][880]LogHttp: Warning: Retry exhausted on https://datarouter.ol.epicgames.com/datarouter/api/v1/public/data?SessionID=%7B941910BA-48D5-B5AC-9761-57A5BFE43273%7D&AppID=UEEditor.Rocket.Release&AppVersion=4.27.2-18319896%2B%2B%2BUE4%2BRelease-4.27&UserID=4666b0b243e17a8b13b273ab409b95bb%7C5a084dd96cc847099300761d9de465f1%7C2649eebe-cc52-4007-917f-be3c1afb1942&AppEnvironment=datacollector-binary&UploadType=eteventstream
